{"name": "Тест фильтра по наименованию продукта", "status": "broken", "statusDetails": {"message": "selenium.common.exceptions.TimeoutException: Message: \nStacktrace:\n#0 0x55c31ca20403 <unknown>\n#1 0x55c31c826778 <unknown>\n#2 0x55c31c85dc87 <unknown>\n#3 0x55c31c85de51 <unknown>\n#4 0x55c31c890f24 <unknown>\n#5 0x55c31c87ba2d <unknown>\n#6 0x55c31c88ec74 <unknown>\n#7 0x55c31c87b8f3 <unknown>\n#8 0x55c31c8510d8 <unknown>\n#9 0x55c31c852205 <unknown>\n#10 0x55c31ca67e3d <unknown>\n#11 0x55c31ca6adb6 <unknown>\n#12 0x55c31ca5113e <unknown>\n#13 0x55c31ca6b9b5 <unknown>\n#14 0x55c31ca45970 <unknown>\n#15 0x55c31ca88228 <unknown>\n#16 0x55c31ca883bf <unknown>\n#17 0x55c31caa2abe <unknown>\n#18 0x7f2ecf8f8e2d <unknown>", "trace": "self = <src.AdminPage.AdminPage object at 0x7f8dc6e49420>\nlocator = ('css selector', '#collapse5 li.active')\n\n    @allure.step('Найти элемент {locator} переместить к нему курсор и сделать клик по нему')\n    def wait_and_click_element(self, locator='locator'):\n        self.logger.info(\"Clicking element: {}\".format(locator))\n        actions = ActionChains(self.driver)\n        try:\n>           element = self.wait.until(EC.visibility_of_element_located(locator))\n\n../src/BasePage.py:77: \n_ _ _ _ _ _ _ _ _ _ _ _ _ _ _ _ _ _ _ _ _ _ _ _ _ _ _ _ _ _ _ _ _ _ _ _ _ _ _ _ \n\nself = <selenium.webdriver.support.wait.WebDriverWait (session=\"6e1761408841ee1259c1c0b476324a5a\")>\nmethod = <function visibility_of_element_located.<locals>._predicate at 0x7f8dc6e75b40>\nmessage = ''\n\n    def until(self, method, message=''):\n        \"\"\"Calls the method provided with the driver as an argument until the \\\n        return value does not evaluate to ``False``.\n    \n        :param method: callable(WebDriver)\n        :param message: optional message for :exc:`TimeoutException`\n        :returns: the result of the last call to `method`\n        :raises: :exc:`selenium.common.exceptions.TimeoutException` if timeout occurs\n        \"\"\"\n        screen = None\n        stacktrace = None\n    \n        end_time = time.time() + self._timeout\n        while True:\n            try:\n                value = method(self._driver)\n                if value:\n                    return value\n            except InvalidSelectorException as e:\n                raise e\n            except self._ignored_exceptions as exc:\n                screen = getattr(exc, 'screen', None)\n                stacktrace = getattr(exc, 'stacktrace', None)\n            time.sleep(self._poll)\n            if time.time() > end_time:\n                break\n>       raise TimeoutException(message, screen, stacktrace)\nE       selenium.common.exceptions.TimeoutException: Message: \nE       Stacktrace:\nE       #0 0x55c31ca20403 <unknown>\nE       #1 0x55c31c826778 <unknown>\nE       #2 0x55c31c85dc87 <unknown>\nE       #3 0x55c31c85de51 <unknown>\nE       #4 0x55c31c890f24 <unknown>\nE       #5 0x55c31c87ba2d <unknown>\nE       #6 0x55c31c88ec74 <unknown>\nE       #7 0x55c31c87b8f3 <unknown>\nE       #8 0x55c31c8510d8 <unknown>\nE       #9 0x55c31c852205 <unknown>\nE       #10 0x55c31ca67e3d <unknown>\nE       #11 0x55c31ca6adb6 <unknown>\nE       #12 0x55c31ca5113e <unknown>\nE       #13 0x55c31ca6b9b5 <unknown>\nE       #14 0x55c31ca45970 <unknown>\nE       #15 0x55c31ca88228 <unknown>\nE       #16 0x55c31ca883bf <unknown>\nE       #17 0x55c31caa2abe <unknown>\nE       #18 0x7f2ecf8f8e2d <unknown>\n\n../venv/lib/python3.10/site-packages/selenium/webdriver/support/wait.py:89: TimeoutException\n\nDuring handling of the above exception, another exception occurred:\n\nbrowser = <selenium.webdriver.support.event_firing_webdriver.EventFiringWebDriver object at 0x7f8dc6e49bd0>\nbase_url = 'http://192.168.31.204:8081/'\n\n    @allure.title(\"Тест фильтра по наименованию продукта\")\n    def test_chenge_product_status(browser, base_url):\n        adm_page = AdminPage(browser, base_url)\n        adm_page.open_admin_login_page(base_url)\n        adm_page.input_password_user()\n        adm_page.input_name_user()\n        adm_page.click_button_autorization()\n        adm_page.open_customers_catalog()\n        time.sleep(50)\n>       adm_page.open_customers_list()\n\ntest_admin_page.py:123: \n_ _ _ _ _ _ _ _ _ _ _ _ _ _ _ _ _ _ _ _ _ _ _ _ _ _ _ _ _ _ _ _ _ _ _ _ _ _ _ _ \n../src/AdminPage.py:117: in open_customers_list\n    self.wait_and_click_element(locator=AdminPage.CUSTOMERS_CATALOG_MAIN)\n../src/BasePage.py:80: in wait_and_click_element\n    element = self.wait.until(EC.visibility_of_element_located(locator))\n_ _ _ _ _ _ _ _ _ _ _ _ _ _ _ _ _ _ _ _ _ _ _ _ _ _ _ _ _ _ _ _ _ _ _ _ _ _ _ _ \n\nself = <selenium.webdriver.support.wait.WebDriverWait (session=\"6e1761408841ee1259c1c0b476324a5a\")>\nmethod = <function visibility_of_element_located.<locals>._predicate at 0x7f8dc6e779a0>\nmessage = ''\n\n    def until(self, method, message=''):\n        \"\"\"Calls the method provided with the driver as an argument until the \\\n        return value does not evaluate to ``False``.\n    \n        :param method: callable(WebDriver)\n        :param message: optional message for :exc:`TimeoutException`\n        :returns: the result of the last call to `method`\n        :raises: :exc:`selenium.common.exceptions.TimeoutException` if timeout occurs\n        \"\"\"\n        screen = None\n        stacktrace = None\n    \n        end_time = time.time() + self._timeout\n        while True:\n            try:\n                value = method(self._driver)\n                if value:\n                    return value\n            except InvalidSelectorException as e:\n                raise e\n            except self._ignored_exceptions as exc:\n                screen = getattr(exc, 'screen', None)\n                stacktrace = getattr(exc, 'stacktrace', None)\n            time.sleep(self._poll)\n            if time.time() > end_time:\n                break\n>       raise TimeoutException(message, screen, stacktrace)\nE       selenium.common.exceptions.TimeoutException: Message: \nE       Stacktrace:\nE       #0 0x55c31ca20403 <unknown>\nE       #1 0x55c31c826778 <unknown>\nE       #2 0x55c31c85dc87 <unknown>\nE       #3 0x55c31c85de51 <unknown>\nE       #4 0x55c31c890f24 <unknown>\nE       #5 0x55c31c87ba2d <unknown>\nE       #6 0x55c31c88ec74 <unknown>\nE       #7 0x55c31c87b8f3 <unknown>\nE       #8 0x55c31c8510d8 <unknown>\nE       #9 0x55c31c852205 <unknown>\nE       #10 0x55c31ca67e3d <unknown>\nE       #11 0x55c31ca6adb6 <unknown>\nE       #12 0x55c31ca5113e <unknown>\nE       #13 0x55c31ca6b9b5 <unknown>\nE       #14 0x55c31ca45970 <unknown>\nE       #15 0x55c31ca88228 <unknown>\nE       #16 0x55c31ca883bf <unknown>\nE       #17 0x55c31caa2abe <unknown>\nE       #18 0x7f2ecf8f8e2d <unknown>\n\n../venv/lib/python3.10/site-packages/selenium/webdriver/support/wait.py:89: TimeoutException"}, "steps": [{"name": "open_admin_login_page", "status": "passed", "parameters": [{"name": "base_url", "value": "'http://192.168.31.204:8081/'"}], "start": 1660479652878, "stop": 1660479653265}, {"name": "input_password_user", "status": "passed", "steps": [{"name": "Ожидать, что  поле для ввода ('css selector', '#input-password') доступно и ввести текст 'bitnami'", "status": "passed", "parameters": [{"name": "locator", "value": "('css selector', '#input-password')"}, {"name": "text", "value": "'bitnami'"}], "start": 1660479653266, "stop": 1660479653401}], "start": 1660479653266, "stop": 1660479653401}, {"name": "input_name_user", "status": "passed", "steps": [{"name": "Ожидать, что  поле для ввода ('css selector', '#input-username') доступно и ввести текст 'user'", "status": "passed", "parameters": [{"name": "locator", "value": "('css selector', '#input-username')"}, {"name": "text", "value": "'user'"}], "start": 1660479653401, "stop": 1660479653475}], "start": 1660479653401, "stop": 1660479653475}, {"name": "click_button_autorization", "status": "passed", "steps": [{"name": "Найти элемент ('css selector', 'button.btn-primary') переместить к нему курсор и сделать клик по нему", "status": "passed", "parameters": [{"name": "locator", "value": "('css selector', 'button.btn-primary')"}], "start": 1660479653475, "stop": 1660479654513}], "start": 1660479653475, "stop": 1660479654513}, {"name": "open_customers_catalog", "status": "passed", "steps": [{"name": "Найти элемент ('css selector', 'li#menu-customer') переместить к нему курсор и сделать клик по нему", "status": "passed", "parameters": [{"name": "locator", "value": "('css selector', 'li#menu-customer')"}], "start": 1660479654513, "stop": 1660479655301}], "start": 1660479654513, "stop": 1660479655301}, {"name": "open_customers_list", "status": "broken", "statusDetails": {"message": "selenium.common.exceptions.TimeoutException: Message: \nStacktrace:\n#0 0x55c31ca20403 <unknown>\n#1 0x55c31c826778 <unknown>\n#2 0x55c31c85dc87 <unknown>\n#3 0x55c31c85de51 <unknown>\n#4 0x55c31c890f24 <unknown>\n#5 0x55c31c87ba2d <unknown>\n#6 0x55c31c88ec74 <unknown>\n#7 0x55c31c87b8f3 <unknown>\n#8 0x55c31c8510d8 <unknown>\n#9 0x55c31c852205 <unknown>\n#10 0x55c31ca67e3d <unknown>\n#11 0x55c31ca6adb6 <unknown>\n#12 0x55c31ca5113e <unknown>\n#13 0x55c31ca6b9b5 <unknown>\n#14 0x55c31ca45970 <unknown>\n#15 0x55c31ca88228 <unknown>\n#16 0x55c31ca883bf <unknown>\n#17 0x55c31caa2abe <unknown>\n#18 0x7f2ecf8f8e2d <unknown>\n\n", "trace": "  File \"/home/GoorooG/DevMain/Selenium_otus/venv/lib/python3.10/site-packages/allure_commons/_allure.py\", line 172, in impl\n    return func(*a, **kw)\n  File \"/home/GoorooG/DevMain/Selenium_otus/src/AdminPage.py\", line 117, in open_customers_list\n    self.wait_and_click_element(locator=AdminPage.CUSTOMERS_CATALOG_MAIN)\n  File \"/home/GoorooG/DevMain/Selenium_otus/venv/lib/python3.10/site-packages/allure_commons/_allure.py\", line 172, in impl\n    return func(*a, **kw)\n  File \"/home/GoorooG/DevMain/Selenium_otus/src/BasePage.py\", line 80, in wait_and_click_element\n    element = self.wait.until(EC.visibility_of_element_located(locator))\n  File \"/home/GoorooG/DevMain/Selenium_otus/venv/lib/python3.10/site-packages/selenium/webdriver/support/wait.py\", line 89, in until\n    raise TimeoutException(message, screen, stacktrace)\n"}, "steps": [{"name": "Найти элемент ('css selector', '#collapse5 li.active') переместить к нему курсор и сделать клик по нему", "status": "broken", "statusDetails": {"message": "selenium.common.exceptions.TimeoutException: Message: \nStacktrace:\n#0 0x55c31ca20403 <unknown>\n#1 0x55c31c826778 <unknown>\n#2 0x55c31c85dc87 <unknown>\n#3 0x55c31c85de51 <unknown>\n#4 0x55c31c890f24 <unknown>\n#5 0x55c31c87ba2d <unknown>\n#6 0x55c31c88ec74 <unknown>\n#7 0x55c31c87b8f3 <unknown>\n#8 0x55c31c8510d8 <unknown>\n#9 0x55c31c852205 <unknown>\n#10 0x55c31ca67e3d <unknown>\n#11 0x55c31ca6adb6 <unknown>\n#12 0x55c31ca5113e <unknown>\n#13 0x55c31ca6b9b5 <unknown>\n#14 0x55c31ca45970 <unknown>\n#15 0x55c31ca88228 <unknown>\n#16 0x55c31ca883bf <unknown>\n#17 0x55c31caa2abe <unknown>\n#18 0x7f2ecf8f8e2d <unknown>\n\n", "trace": "  File \"/home/GoorooG/DevMain/Selenium_otus/venv/lib/python3.10/site-packages/allure_commons/_allure.py\", line 172, in impl\n    return func(*a, **kw)\n  File \"/home/GoorooG/DevMain/Selenium_otus/src/BasePage.py\", line 80, in wait_and_click_element\n    element = self.wait.until(EC.visibility_of_element_located(locator))\n  File \"/home/GoorooG/DevMain/Selenium_otus/venv/lib/python3.10/site-packages/selenium/webdriver/support/wait.py\", line 89, in until\n    raise TimeoutException(message, screen, stacktrace)\n"}, "parameters": [{"name": "locator", "value": "('css selector', '#collapse5 li.active')"}], "start": 1660479705352, "stop": 1660479712601}], "start": 1660479705351, "stop": 1660479712602}], "attachments": [{"name": "log", "source": "0666354c-1130-4ae8-b429-3b75205a4025-attachment.txt", "type": "text/plain"}], "start": 1660479652878, "stop": 1660479712603, "uuid": "f3b650f6-b00b-4e9f-900a-4becab8d3123", "historyId": "9d77cf84e219b1285846d85a513f736f", "testCaseId": "328357aba995f1b7d2febf478641a0dc", "fullName": "tests.test_admin_page#test_chenge_product_status", "labels": [{"name": "parentSuite", "value": "tests"}, {"name": "suite", "value": "test_admin_page"}, {"name": "host", "value": "MiWiFi-R4AC-srv"}, {"name": "thread", "value": "30931-MainThread"}, {"name": "framework", "value": "pytest"}, {"name": "language", "value": "cpython3"}, {"name": "package", "value": "tests.test_admin_page"}]}