{"name": "Тест фильтра по наименованию продукта", "status": "broken", "statusDetails": {"message": "selenium.common.exceptions.TimeoutException: Message: \nStacktrace:\n#0 0x556318989403 <unknown>\n#1 0x55631878f778 <unknown>\n#2 0x5563187c6c87 <unknown>\n#3 0x5563187c6e51 <unknown>\n#4 0x5563187f9f24 <unknown>\n#5 0x5563187e4a2d <unknown>\n#6 0x5563187f7c74 <unknown>\n#7 0x5563187e48f3 <unknown>\n#8 0x5563187ba0d8 <unknown>\n#9 0x5563187bb205 <unknown>\n#10 0x5563189d0e3d <unknown>\n#11 0x5563189d3db6 <unknown>\n#12 0x5563189ba13e <unknown>\n#13 0x5563189d49b5 <unknown>\n#14 0x5563189ae970 <unknown>\n#15 0x5563189f1228 <unknown>\n#16 0x5563189f13bf <unknown>\n#17 0x556318a0babe <unknown>\n#18 0x7ffadeea9e2d <unknown>", "trace": "self = <src.AdminPage.AdminPage object at 0x7f042a26df30>\nlocator = ('css selector', 'td a.btn-primary')\n\n    @allure.step('Найти элемент {locator} переместить к нему курсор и сделать клик по нему')\n    def wait_and_click_element(self, locator='locator'):\n        self.logger.info(\"Clicking element: {}\".format(locator))\n        actions = ActionChains(self.driver)\n        try:\n>           element = self.wait.until(EC.visibility_of_element_located(locator))\n\n../src/BasePage.py:77: \n_ _ _ _ _ _ _ _ _ _ _ _ _ _ _ _ _ _ _ _ _ _ _ _ _ _ _ _ _ _ _ _ _ _ _ _ _ _ _ _ \n\nself = <selenium.webdriver.support.wait.WebDriverWait (session=\"5a768d4375324cc2470e79091656c86f\")>\nmethod = <function visibility_of_element_located.<locals>._predicate at 0x7f042a14fe20>\nmessage = ''\n\n    def until(self, method, message=''):\n        \"\"\"Calls the method provided with the driver as an argument until the \\\n        return value does not evaluate to ``False``.\n    \n        :param method: callable(WebDriver)\n        :param message: optional message for :exc:`TimeoutException`\n        :returns: the result of the last call to `method`\n        :raises: :exc:`selenium.common.exceptions.TimeoutException` if timeout occurs\n        \"\"\"\n        screen = None\n        stacktrace = None\n    \n        end_time = time.time() + self._timeout\n        while True:\n            try:\n                value = method(self._driver)\n                if value:\n                    return value\n            except InvalidSelectorException as e:\n                raise e\n            except self._ignored_exceptions as exc:\n                screen = getattr(exc, 'screen', None)\n                stacktrace = getattr(exc, 'stacktrace', None)\n            time.sleep(self._poll)\n            if time.time() > end_time:\n                break\n>       raise TimeoutException(message, screen, stacktrace)\nE       selenium.common.exceptions.TimeoutException: Message: \nE       Stacktrace:\nE       #0 0x556318989403 <unknown>\nE       #1 0x55631878f778 <unknown>\nE       #2 0x5563187c6c87 <unknown>\nE       #3 0x5563187c6e51 <unknown>\nE       #4 0x5563187f9f24 <unknown>\nE       #5 0x5563187e4a2d <unknown>\nE       #6 0x5563187f7c74 <unknown>\nE       #7 0x5563187e48f3 <unknown>\nE       #8 0x5563187ba0d8 <unknown>\nE       #9 0x5563187bb205 <unknown>\nE       #10 0x5563189d0e3d <unknown>\nE       #11 0x5563189d3db6 <unknown>\nE       #12 0x5563189ba13e <unknown>\nE       #13 0x5563189d49b5 <unknown>\nE       #14 0x5563189ae970 <unknown>\nE       #15 0x5563189f1228 <unknown>\nE       #16 0x5563189f13bf <unknown>\nE       #17 0x556318a0babe <unknown>\nE       #18 0x7ffadeea9e2d <unknown>\n\n../venv/lib/python3.10/site-packages/selenium/webdriver/support/wait.py:89: TimeoutException\n\nDuring handling of the above exception, another exception occurred:\n\nbrowser = <selenium.webdriver.support.event_firing_webdriver.EventFiringWebDriver object at 0x7f042a26e6e0>\nbase_url = 'http://192.168.31.204:8081/'\n\n    @allure.title(\"Тест фильтра по наименованию продукта\")\n    def test_add_and_delete_product1(browser, base_url):\n        adm_page = AdminPage(browser, base_url)\n        adm_page.open_admin_login_page(base_url)\n        adm_page.input_password_user()\n        adm_page.input_name_user()\n        adm_page.click_button_autorization()\n        adm_page.click_to_button_catalog_tab()\n        adm_page.click_to_button_product_tab()\n        adm_page.input_product_name_filter()\n        adm_page.click_to_button_filtre()\n        adm_page.click_to_button_edit_product()\n        adm_page.go_to_data_tab()\n        adm_page.select_status_product()\n        adm_page.click_to_button_save_edit()\n        adm_page.input_product_name_filter()\n        adm_page.click_to_button_filtre()\n>       adm_page.click_to_button_edit_product()\n\ntest_admin_page.py:107: \n_ _ _ _ _ _ _ _ _ _ _ _ _ _ _ _ _ _ _ _ _ _ _ _ _ _ _ _ _ _ _ _ _ _ _ _ _ _ _ _ \n../src/AdminPage.py:64: in click_to_button_edit_product\n    self.wait_and_click_element(locator=AdminPage.BUTTON_EDIT_PRODUCT)\n../src/BasePage.py:80: in wait_and_click_element\n    element = self.wait.until(EC.visibility_of_element_located(locator))\n_ _ _ _ _ _ _ _ _ _ _ _ _ _ _ _ _ _ _ _ _ _ _ _ _ _ _ _ _ _ _ _ _ _ _ _ _ _ _ _ \n\nself = <selenium.webdriver.support.wait.WebDriverWait (session=\"5a768d4375324cc2470e79091656c86f\")>\nmethod = <function visibility_of_element_located.<locals>._predicate at 0x7f0429d45630>\nmessage = ''\n\n    def until(self, method, message=''):\n        \"\"\"Calls the method provided with the driver as an argument until the \\\n        return value does not evaluate to ``False``.\n    \n        :param method: callable(WebDriver)\n        :param message: optional message for :exc:`TimeoutException`\n        :returns: the result of the last call to `method`\n        :raises: :exc:`selenium.common.exceptions.TimeoutException` if timeout occurs\n        \"\"\"\n        screen = None\n        stacktrace = None\n    \n        end_time = time.time() + self._timeout\n        while True:\n            try:\n                value = method(self._driver)\n                if value:\n                    return value\n            except InvalidSelectorException as e:\n                raise e\n            except self._ignored_exceptions as exc:\n                screen = getattr(exc, 'screen', None)\n                stacktrace = getattr(exc, 'stacktrace', None)\n            time.sleep(self._poll)\n            if time.time() > end_time:\n                break\n>       raise TimeoutException(message, screen, stacktrace)\nE       selenium.common.exceptions.TimeoutException: Message: \nE       Stacktrace:\nE       #0 0x556318989403 <unknown>\nE       #1 0x55631878f778 <unknown>\nE       #2 0x5563187c6c87 <unknown>\nE       #3 0x5563187c6e51 <unknown>\nE       #4 0x5563187f9f24 <unknown>\nE       #5 0x5563187e4a2d <unknown>\nE       #6 0x5563187f7c74 <unknown>\nE       #7 0x5563187e48f3 <unknown>\nE       #8 0x5563187ba0d8 <unknown>\nE       #9 0x5563187bb205 <unknown>\nE       #10 0x5563189d0e3d <unknown>\nE       #11 0x5563189d3db6 <unknown>\nE       #12 0x5563189ba13e <unknown>\nE       #13 0x5563189d49b5 <unknown>\nE       #14 0x5563189ae970 <unknown>\nE       #15 0x5563189f1228 <unknown>\nE       #16 0x5563189f13bf <unknown>\nE       #17 0x556318a0babe <unknown>\nE       #18 0x7ffadeea9e2d <unknown>\n\n../venv/lib/python3.10/site-packages/selenium/webdriver/support/wait.py:89: TimeoutException"}, "steps": [{"name": "open_admin_login_page", "status": "passed", "parameters": [{"name": "base_url", "value": "'http://192.168.31.204:8081/'"}], "start": 1660472549645, "stop": 1660472550149}, {"name": "input_password_user", "status": "passed", "steps": [{"name": "Ожидать, что  поле для ввода ('css selector', '#input-password') доступно и ввести текст 'bitnami'", "status": "passed", "parameters": [{"name": "locator", "value": "('css selector', '#input-password')"}, {"name": "text", "value": "'bitnami'"}], "start": 1660472550149, "stop": 1660472550236}], "start": 1660472550149, "stop": 1660472550236}, {"name": "input_name_user", "status": "passed", "steps": [{"name": "Ожидать, что  поле для ввода ('css selector', '#input-username') доступно и ввести текст 'user'", "status": "passed", "parameters": [{"name": "locator", "value": "('css selector', '#input-username')"}, {"name": "text", "value": "'user'"}], "start": 1660472550237, "stop": 1660472550318}], "start": 1660472550237, "stop": 1660472550318}, {"name": "click_button_autorization", "status": "passed", "steps": [{"name": "Найти элемент ('css selector', 'button.btn-primary') переместить к нему курсор и сделать клик по нему", "status": "passed", "parameters": [{"name": "locator", "value": "('css selector', 'button.btn-primary')"}], "start": 1660472550318, "stop": 1660472551324}], "start": 1660472550318, "stop": 1660472551324}, {"name": "click_to_button_catalog_tab", "status": "passed", "steps": [{"name": "Найти элемент ('css selector', '#menu-catalog') переместить к нему курсор и сделать клик по нему", "status": "passed", "parameters": [{"name": "locator", "value": "('css selector', '#menu-catalog')"}], "start": 1660472551324, "stop": 1660472552118}], "start": 1660472551324, "stop": 1660472552118}, {"name": "click_to_button_product_tab", "status": "passed", "steps": [{"name": "Найти элемент ('xpath', \"//a[text()='Products']\") переместить к нему курсор и сделать клик по нему", "status": "passed", "parameters": [{"name": "locator", "value": "('xpath', \"//a[text()='Products']\")"}], "start": 1660472552118, "stop": 1660472553664}], "start": 1660472552118, "stop": 1660472553664}, {"name": "input_product_name_filter", "status": "passed", "steps": [{"name": "Ожидать, что  поле для ввода ('css selector', 'input#input-name') доступно и ввести текст 'iPhone'", "status": "passed", "parameters": [{"name": "locator", "value": "('css selector', 'input#input-name')"}, {"name": "text", "value": "'iPhone'"}], "start": 1660472553664, "stop": 1660472553759}], "start": 1660472553664, "stop": 1660472553759}, {"name": "click_to_button_filtre", "status": "passed", "steps": [{"name": "Найти элемент ('css selector', 'button#button-filter') переместить к нему курсор и сделать клик по нему", "status": "passed", "parameters": [{"name": "locator", "value": "('css selector', 'button#button-filter')"}], "start": 1660472553759, "stop": 1660472554653}], "start": 1660472553759, "stop": 1660472554653}, {"name": "click_to_button_edit_product", "status": "passed", "steps": [{"name": "Найти элемент ('css selector', 'td a.btn-primary') переместить к нему курсор и сделать клик по нему", "status": "passed", "parameters": [{"name": "locator", "value": "('css selector', 'td a.btn-primary')"}], "start": 1660472554653, "stop": 1660472555831}], "start": 1660472554653, "stop": 1660472555831}, {"name": "go_to_data_tab", "status": "passed", "steps": [{"name": "Найти элемент ('xpath', \"//a[text()='Data']\") переместить к нему курсор и сделать клик по нему", "status": "passed", "parameters": [{"name": "locator", "value": "('xpath', \"//a[text()='Data']\")"}], "start": 1660472555832, "stop": 1660472556630}], "start": 1660472555831, "stop": 1660472556630}, {"name": "select_status_product", "status": "passed", "steps": [{"name": "Найти выпадающий список ('css selector', 'select#input-status') и выбрать из него значение", "status": "passed", "parameters": [{"name": "locator", "value": "('css selector', 'select#input-status')"}, {"name": "value", "value": "'1'"}], "start": 1660472556630, "stop": 1660472556677}], "start": 1660472556630, "stop": 1660472556677}, {"name": "click_to_button_save_edit", "status": "passed", "steps": [{"name": "Найти элемент ('css selector', 'button.btn-primary[type=submit]') переместить к нему курсор и сделать клик по нему", "status": "passed", "parameters": [{"name": "locator", "value": "('css selector', 'button.btn-primary[type=submit]')"}], "start": 1660472556677, "stop": 1660472557674}], "start": 1660472556677, "stop": 1660472557674}, {"name": "input_product_name_filter", "status": "passed", "steps": [{"name": "Ожидать, что  поле для ввода ('css selector', 'input#input-name') доступно и ввести текст 'iPhone'", "status": "passed", "parameters": [{"name": "locator", "value": "('css selector', 'input#input-name')"}, {"name": "text", "value": "'iPhone'"}], "start": 1660472557674, "stop": 1660472557744}], "start": 1660472557674, "stop": 1660472557744}, {"name": "click_to_button_filtre", "status": "passed", "steps": [{"name": "Найти элемент ('css selector', 'button#button-filter') переместить к нему курсор и сделать клик по нему", "status": "passed", "parameters": [{"name": "locator", "value": "('css selector', 'button#button-filter')"}], "start": 1660472557744, "stop": 1660472558660}], "start": 1660472557744, "stop": 1660472558660}, {"name": "click_to_button_edit_product", "status": "broken", "statusDetails": {"message": "selenium.common.exceptions.TimeoutException: Message: \nStacktrace:\n#0 0x556318989403 <unknown>\n#1 0x55631878f778 <unknown>\n#2 0x5563187c6c87 <unknown>\n#3 0x5563187c6e51 <unknown>\n#4 0x5563187f9f24 <unknown>\n#5 0x5563187e4a2d <unknown>\n#6 0x5563187f7c74 <unknown>\n#7 0x5563187e48f3 <unknown>\n#8 0x5563187ba0d8 <unknown>\n#9 0x5563187bb205 <unknown>\n#10 0x5563189d0e3d <unknown>\n#11 0x5563189d3db6 <unknown>\n#12 0x5563189ba13e <unknown>\n#13 0x5563189d49b5 <unknown>\n#14 0x5563189ae970 <unknown>\n#15 0x5563189f1228 <unknown>\n#16 0x5563189f13bf <unknown>\n#17 0x556318a0babe <unknown>\n#18 0x7ffadeea9e2d <unknown>\n\n", "trace": "  File \"/home/GoorooG/DevMain/Selenium_otus/venv/lib/python3.10/site-packages/allure_commons/_allure.py\", line 172, in impl\n    return func(*a, **kw)\n  File \"/home/GoorooG/DevMain/Selenium_otus/src/AdminPage.py\", line 64, in click_to_button_edit_product\n    self.wait_and_click_element(locator=AdminPage.BUTTON_EDIT_PRODUCT)\n  File \"/home/GoorooG/DevMain/Selenium_otus/venv/lib/python3.10/site-packages/allure_commons/_allure.py\", line 172, in impl\n    return func(*a, **kw)\n  File \"/home/GoorooG/DevMain/Selenium_otus/src/BasePage.py\", line 80, in wait_and_click_element\n    element = self.wait.until(EC.visibility_of_element_located(locator))\n  File \"/home/GoorooG/DevMain/Selenium_otus/venv/lib/python3.10/site-packages/selenium/webdriver/support/wait.py\", line 89, in until\n    raise TimeoutException(message, screen, stacktrace)\n"}, "steps": [{"name": "Найти элемент ('css selector', 'td a.btn-primary') переместить к нему курсор и сделать клик по нему", "status": "broken", "statusDetails": {"message": "selenium.common.exceptions.TimeoutException: Message: \nStacktrace:\n#0 0x556318989403 <unknown>\n#1 0x55631878f778 <unknown>\n#2 0x5563187c6c87 <unknown>\n#3 0x5563187c6e51 <unknown>\n#4 0x5563187f9f24 <unknown>\n#5 0x5563187e4a2d <unknown>\n#6 0x5563187f7c74 <unknown>\n#7 0x5563187e48f3 <unknown>\n#8 0x5563187ba0d8 <unknown>\n#9 0x5563187bb205 <unknown>\n#10 0x5563189d0e3d <unknown>\n#11 0x5563189d3db6 <unknown>\n#12 0x5563189ba13e <unknown>\n#13 0x5563189d49b5 <unknown>\n#14 0x5563189ae970 <unknown>\n#15 0x5563189f1228 <unknown>\n#16 0x5563189f13bf <unknown>\n#17 0x556318a0babe <unknown>\n#18 0x7ffadeea9e2d <unknown>\n\n", "trace": "  File \"/home/GoorooG/DevMain/Selenium_otus/venv/lib/python3.10/site-packages/allure_commons/_allure.py\", line 172, in impl\n    return func(*a, **kw)\n  File \"/home/GoorooG/DevMain/Selenium_otus/src/BasePage.py\", line 80, in wait_and_click_element\n    element = self.wait.until(EC.visibility_of_element_located(locator))\n  File \"/home/GoorooG/DevMain/Selenium_otus/venv/lib/python3.10/site-packages/selenium/webdriver/support/wait.py\", line 89, in until\n    raise TimeoutException(message, screen, stacktrace)\n"}, "parameters": [{"name": "locator", "value": "('css selector', 'td a.btn-primary')"}], "start": 1660472558660, "stop": 1660472566095}], "start": 1660472558660, "stop": 1660472566096}], "attachments": [{"name": "log", "source": "4e91cc35-2a20-4981-98a4-2bb22d0755b3-attachment.txt", "type": "text/plain"}], "start": 1660472549645, "stop": 1660472566097, "uuid": "5e178e56-9016-4c90-8b4f-fc51ffa94489", "historyId": "2f687de4128294ec3a70be7dfe1016a9", "testCaseId": "ab9a686ca18525e58e98b91a666c22ca", "fullName": "tests.test_admin_page#test_add_and_delete_product1", "labels": [{"name": "parentSuite", "value": "tests"}, {"name": "suite", "value": "test_admin_page"}, {"name": "host", "value": "MiWiFi-R4AC-srv"}, {"name": "thread", "value": "15950-MainThread"}, {"name": "framework", "value": "pytest"}, {"name": "language", "value": "cpython3"}, {"name": "package", "value": "tests.test_admin_page"}]}