{"name": "Тест фильтра по наименованию продукта", "status": "broken", "statusDetails": {"message": "selenium.common.exceptions.TimeoutException: Message: \nStacktrace:\n#0 0x5634f0264403 <unknown>\n#1 0x5634f006a778 <unknown>\n#2 0x5634f00a1c87 <unknown>\n#3 0x5634f00a1e51 <unknown>\n#4 0x5634f00d4f24 <unknown>\n#5 0x5634f00bfa2d <unknown>\n#6 0x5634f00d2c74 <unknown>\n#7 0x5634f00bf8f3 <unknown>\n#8 0x5634f00950d8 <unknown>\n#9 0x5634f0096205 <unknown>\n#10 0x5634f02abe3d <unknown>\n#11 0x5634f02aedb6 <unknown>\n#12 0x5634f029513e <unknown>\n#13 0x5634f02af9b5 <unknown>\n#14 0x5634f0289970 <unknown>\n#15 0x5634f02cc228 <unknown>\n#16 0x5634f02cc3bf <unknown>\n#17 0x5634f02e6abe <unknown>\n#18 0x7f60fe03fe2d <unknown>", "trace": "self = <src.AdminPage.AdminPage object at 0x7f8b5c49dba0>\nlocator = ('css selector', '#collapse5 li.active a')\n\n    @allure.step('Найти элемент {locator} переместить к нему курсор и сделать клик по нему')\n    def wait_and_click_element(self, locator='locator'):\n        self.logger.info(\"Clicking element: {}\".format(locator))\n        actions = ActionChains(self.driver)\n        try:\n>           element = self.wait.until(EC.visibility_of_element_located(locator))\n\n../src/BasePage.py:77: \n_ _ _ _ _ _ _ _ _ _ _ _ _ _ _ _ _ _ _ _ _ _ _ _ _ _ _ _ _ _ _ _ _ _ _ _ _ _ _ _ \n\nself = <selenium.webdriver.support.wait.WebDriverWait (session=\"9942b31c8567e847fc035c1a8cfdb7e3\")>\nmethod = <function visibility_of_element_located.<locals>._predicate at 0x7f8b5c4c9b40>\nmessage = ''\n\n    def until(self, method, message=''):\n        \"\"\"Calls the method provided with the driver as an argument until the \\\n        return value does not evaluate to ``False``.\n    \n        :param method: callable(WebDriver)\n        :param message: optional message for :exc:`TimeoutException`\n        :returns: the result of the last call to `method`\n        :raises: :exc:`selenium.common.exceptions.TimeoutException` if timeout occurs\n        \"\"\"\n        screen = None\n        stacktrace = None\n    \n        end_time = time.time() + self._timeout\n        while True:\n            try:\n                value = method(self._driver)\n                if value:\n                    return value\n            except InvalidSelectorException as e:\n                raise e\n            except self._ignored_exceptions as exc:\n                screen = getattr(exc, 'screen', None)\n                stacktrace = getattr(exc, 'stacktrace', None)\n            time.sleep(self._poll)\n            if time.time() > end_time:\n                break\n>       raise TimeoutException(message, screen, stacktrace)\nE       selenium.common.exceptions.TimeoutException: Message: \nE       Stacktrace:\nE       #0 0x5634f0264403 <unknown>\nE       #1 0x5634f006a778 <unknown>\nE       #2 0x5634f00a1c87 <unknown>\nE       #3 0x5634f00a1e51 <unknown>\nE       #4 0x5634f00d4f24 <unknown>\nE       #5 0x5634f00bfa2d <unknown>\nE       #6 0x5634f00d2c74 <unknown>\nE       #7 0x5634f00bf8f3 <unknown>\nE       #8 0x5634f00950d8 <unknown>\nE       #9 0x5634f0096205 <unknown>\nE       #10 0x5634f02abe3d <unknown>\nE       #11 0x5634f02aedb6 <unknown>\nE       #12 0x5634f029513e <unknown>\nE       #13 0x5634f02af9b5 <unknown>\nE       #14 0x5634f0289970 <unknown>\nE       #15 0x5634f02cc228 <unknown>\nE       #16 0x5634f02cc3bf <unknown>\nE       #17 0x5634f02e6abe <unknown>\nE       #18 0x7f60fe03fe2d <unknown>\n\n../venv/lib/python3.10/site-packages/selenium/webdriver/support/wait.py:89: TimeoutException\n\nDuring handling of the above exception, another exception occurred:\n\nbrowser = <selenium.webdriver.support.event_firing_webdriver.EventFiringWebDriver object at 0x7f8b5c49e350>\nbase_url = 'http://192.168.31.204:8081/'\n\n    @allure.title(\"Тест фильтра по наименованию продукта\")\n    def test_chenge_product_status(browser, base_url):\n        adm_page = AdminPage(browser, base_url)\n        adm_page.open_admin_login_page(base_url)\n        adm_page.input_password_user()\n        adm_page.input_name_user()\n        adm_page.click_button_autorization()\n        adm_page.open_customers_catalog()\n        time.sleep(20)\n>       adm_page.open_customers_list()\n\ntest_admin_page.py:123: \n_ _ _ _ _ _ _ _ _ _ _ _ _ _ _ _ _ _ _ _ _ _ _ _ _ _ _ _ _ _ _ _ _ _ _ _ _ _ _ _ \n../src/AdminPage.py:117: in open_customers_list\n    self.wait_and_click_element(locator=AdminPage.CUSTOMERS_CATALOG_MAIN)\n../src/BasePage.py:80: in wait_and_click_element\n    element = self.wait.until(EC.visibility_of_element_located(locator))\n_ _ _ _ _ _ _ _ _ _ _ _ _ _ _ _ _ _ _ _ _ _ _ _ _ _ _ _ _ _ _ _ _ _ _ _ _ _ _ _ \n\nself = <selenium.webdriver.support.wait.WebDriverWait (session=\"9942b31c8567e847fc035c1a8cfdb7e3\")>\nmethod = <function visibility_of_element_located.<locals>._predicate at 0x7f8b5c4cb9a0>\nmessage = ''\n\n    def until(self, method, message=''):\n        \"\"\"Calls the method provided with the driver as an argument until the \\\n        return value does not evaluate to ``False``.\n    \n        :param method: callable(WebDriver)\n        :param message: optional message for :exc:`TimeoutException`\n        :returns: the result of the last call to `method`\n        :raises: :exc:`selenium.common.exceptions.TimeoutException` if timeout occurs\n        \"\"\"\n        screen = None\n        stacktrace = None\n    \n        end_time = time.time() + self._timeout\n        while True:\n            try:\n                value = method(self._driver)\n                if value:\n                    return value\n            except InvalidSelectorException as e:\n                raise e\n            except self._ignored_exceptions as exc:\n                screen = getattr(exc, 'screen', None)\n                stacktrace = getattr(exc, 'stacktrace', None)\n            time.sleep(self._poll)\n            if time.time() > end_time:\n                break\n>       raise TimeoutException(message, screen, stacktrace)\nE       selenium.common.exceptions.TimeoutException: Message: \nE       Stacktrace:\nE       #0 0x5634f0264403 <unknown>\nE       #1 0x5634f006a778 <unknown>\nE       #2 0x5634f00a1c87 <unknown>\nE       #3 0x5634f00a1e51 <unknown>\nE       #4 0x5634f00d4f24 <unknown>\nE       #5 0x5634f00bfa2d <unknown>\nE       #6 0x5634f00d2c74 <unknown>\nE       #7 0x5634f00bf8f3 <unknown>\nE       #8 0x5634f00950d8 <unknown>\nE       #9 0x5634f0096205 <unknown>\nE       #10 0x5634f02abe3d <unknown>\nE       #11 0x5634f02aedb6 <unknown>\nE       #12 0x5634f029513e <unknown>\nE       #13 0x5634f02af9b5 <unknown>\nE       #14 0x5634f0289970 <unknown>\nE       #15 0x5634f02cc228 <unknown>\nE       #16 0x5634f02cc3bf <unknown>\nE       #17 0x5634f02e6abe <unknown>\nE       #18 0x7f60fe03fe2d <unknown>\n\n../venv/lib/python3.10/site-packages/selenium/webdriver/support/wait.py:89: TimeoutException"}, "steps": [{"name": "open_admin_login_page", "status": "passed", "parameters": [{"name": "base_url", "value": "'http://192.168.31.204:8081/'"}], "start": 1660489834563, "stop": 1660489835080}, {"name": "input_password_user", "status": "passed", "steps": [{"name": "Ожидать, что  поле для ввода ('css selector', '#input-password') доступно и ввести текст 'bitnami'", "status": "passed", "parameters": [{"name": "locator", "value": "('css selector', '#input-password')"}, {"name": "text", "value": "'bitnami'"}], "start": 1660489835080, "stop": 1660489835168}], "start": 1660489835080, "stop": 1660489835168}, {"name": "input_name_user", "status": "passed", "steps": [{"name": "Ожидать, что  поле для ввода ('css selector', '#input-username') доступно и ввести текст 'user'", "status": "passed", "parameters": [{"name": "locator", "value": "('css selector', '#input-username')"}, {"name": "text", "value": "'user'"}], "start": 1660489835168, "stop": 1660489835243}], "start": 1660489835168, "stop": 1660489835243}, {"name": "click_button_autorization", "status": "passed", "steps": [{"name": "Найти элемент ('css selector', 'button.btn-primary') переместить к нему курсор и сделать клик по нему", "status": "passed", "parameters": [{"name": "locator", "value": "('css selector', 'button.btn-primary')"}], "start": 1660489835243, "stop": 1660489836188}], "start": 1660489835243, "stop": 1660489836188}, {"name": "open_customers_catalog", "status": "passed", "steps": [{"name": "Найти элемент ('css selector', 'li#menu-customer') переместить к нему курсор и сделать клик по нему", "status": "passed", "parameters": [{"name": "locator", "value": "('css selector', 'li#menu-customer')"}], "start": 1660489836189, "stop": 1660489837015}], "start": 1660489836188, "stop": 1660489837015}, {"name": "open_customers_list", "status": "broken", "statusDetails": {"message": "selenium.common.exceptions.TimeoutException: Message: \nStacktrace:\n#0 0x5634f0264403 <unknown>\n#1 0x5634f006a778 <unknown>\n#2 0x5634f00a1c87 <unknown>\n#3 0x5634f00a1e51 <unknown>\n#4 0x5634f00d4f24 <unknown>\n#5 0x5634f00bfa2d <unknown>\n#6 0x5634f00d2c74 <unknown>\n#7 0x5634f00bf8f3 <unknown>\n#8 0x5634f00950d8 <unknown>\n#9 0x5634f0096205 <unknown>\n#10 0x5634f02abe3d <unknown>\n#11 0x5634f02aedb6 <unknown>\n#12 0x5634f029513e <unknown>\n#13 0x5634f02af9b5 <unknown>\n#14 0x5634f0289970 <unknown>\n#15 0x5634f02cc228 <unknown>\n#16 0x5634f02cc3bf <unknown>\n#17 0x5634f02e6abe <unknown>\n#18 0x7f60fe03fe2d <unknown>\n\n", "trace": "  File \"/home/GoorooG/DevMain/Selenium_otus/venv/lib/python3.10/site-packages/allure_commons/_allure.py\", line 172, in impl\n    return func(*a, **kw)\n  File \"/home/GoorooG/DevMain/Selenium_otus/src/AdminPage.py\", line 117, in open_customers_list\n    self.wait_and_click_element(locator=AdminPage.CUSTOMERS_CATALOG_MAIN)\n  File \"/home/GoorooG/DevMain/Selenium_otus/venv/lib/python3.10/site-packages/allure_commons/_allure.py\", line 172, in impl\n    return func(*a, **kw)\n  File \"/home/GoorooG/DevMain/Selenium_otus/src/BasePage.py\", line 80, in wait_and_click_element\n    element = self.wait.until(EC.visibility_of_element_located(locator))\n  File \"/home/GoorooG/DevMain/Selenium_otus/venv/lib/python3.10/site-packages/selenium/webdriver/support/wait.py\", line 89, in until\n    raise TimeoutException(message, screen, stacktrace)\n"}, "steps": [{"name": "Найти элемент ('css selector', '#collapse5 li.active a') переместить к нему курсор и сделать клик по нему", "status": "broken", "statusDetails": {"message": "selenium.common.exceptions.TimeoutException: Message: \nStacktrace:\n#0 0x5634f0264403 <unknown>\n#1 0x5634f006a778 <unknown>\n#2 0x5634f00a1c87 <unknown>\n#3 0x5634f00a1e51 <unknown>\n#4 0x5634f00d4f24 <unknown>\n#5 0x5634f00bfa2d <unknown>\n#6 0x5634f00d2c74 <unknown>\n#7 0x5634f00bf8f3 <unknown>\n#8 0x5634f00950d8 <unknown>\n#9 0x5634f0096205 <unknown>\n#10 0x5634f02abe3d <unknown>\n#11 0x5634f02aedb6 <unknown>\n#12 0x5634f029513e <unknown>\n#13 0x5634f02af9b5 <unknown>\n#14 0x5634f0289970 <unknown>\n#15 0x5634f02cc228 <unknown>\n#16 0x5634f02cc3bf <unknown>\n#17 0x5634f02e6abe <unknown>\n#18 0x7f60fe03fe2d <unknown>\n\n", "trace": "  File \"/home/GoorooG/DevMain/Selenium_otus/venv/lib/python3.10/site-packages/allure_commons/_allure.py\", line 172, in impl\n    return func(*a, **kw)\n  File \"/home/GoorooG/DevMain/Selenium_otus/src/BasePage.py\", line 80, in wait_and_click_element\n    element = self.wait.until(EC.visibility_of_element_located(locator))\n  File \"/home/GoorooG/DevMain/Selenium_otus/venv/lib/python3.10/site-packages/selenium/webdriver/support/wait.py\", line 89, in until\n    raise TimeoutException(message, screen, stacktrace)\n"}, "parameters": [{"name": "locator", "value": "('css selector', '#collapse5 li.active a')"}], "start": 1660489857035, "stop": 1660489864252}], "start": 1660489857035, "stop": 1660489864254}], "attachments": [{"name": "log", "source": "49ddec70-df45-4344-925c-688afc9e744e-attachment.txt", "type": "text/plain"}], "start": 1660489834563, "stop": 1660489864255, "uuid": "2abbc8c3-2ae3-4909-8b13-abd2d44f7634", "historyId": "9d77cf84e219b1285846d85a513f736f", "testCaseId": "328357aba995f1b7d2febf478641a0dc", "fullName": "tests.test_admin_page#test_chenge_product_status", "labels": [{"name": "parentSuite", "value": "tests"}, {"name": "suite", "value": "test_admin_page"}, {"name": "host", "value": "MiWiFi-R4AC-srv"}, {"name": "thread", "value": "39011-MainThread"}, {"name": "framework", "value": "pytest"}, {"name": "language", "value": "cpython3"}, {"name": "package", "value": "tests.test_admin_page"}]}