{"name": "Тест фильтра по наименованию продукта", "status": "broken", "statusDetails": {"message": "selenium.common.exceptions.NoSuchElementException: Message: Cannot locate option with value: value", "trace": "browser = <selenium.webdriver.support.event_firing_webdriver.EventFiringWebDriver object at 0x7f32e41e5d80>\nbase_url = 'http://192.168.31.204:8081/'\n\n    @allure.title(\"Тест фильтра по наименованию продукта\")\n    def test_add_and_delete_product1(browser, base_url):\n        adm_page = AdminPage(browser, base_url)\n        adm_page.open_admin_login_page(base_url)\n        adm_page.input_password_user()\n        adm_page.input_name_user()\n        adm_page.click_button_autorization()\n        adm_page.click_to_button_catalog_tab()\n        adm_page.click_to_button_product_tab()\n        adm_page.input_product_name_filter()\n        adm_page.click_to_button_filtre()\n        adm_page.click_to_button_edit_product()\n        adm_page.go_to_data_tab()\n>       adm_page.select_status_product()\n\ntest_admin_page.py:103: \n_ _ _ _ _ _ _ _ _ _ _ _ _ _ _ _ _ _ _ _ _ _ _ _ _ _ _ _ _ _ _ _ _ _ _ _ _ _ _ _ \n../src/AdminPage.py:50: in select_status_product\n    self.select_elemen_from_dropdown(locator=AdminPage.BUTTON_SELECT_STATUS, value=1)\n../src/BasePage.py:87: in select_elemen_from_dropdown\n    select.select_by_value('value')\n_ _ _ _ _ _ _ _ _ _ _ _ _ _ _ _ _ _ _ _ _ _ _ _ _ _ _ _ _ _ _ _ _ _ _ _ _ _ _ _ \n\nself = <selenium.webdriver.support.select.Select object at 0x7f32e41a99c0>\nvalue = 'value'\n\n    def select_by_value(self, value):\n        \"\"\"Select all options that have a value matching the argument. That is, when given \"foo\" this\n           would select an option like:\n    \n           <option value=\"foo\">Bar</option>\n    \n           :Args:\n            - value - The value to match against\n    \n           throws NoSuchElementException If there is no option with specified value in SELECT\n           \"\"\"\n        css = \"option[value =%s]\" % self._escapeString(value)\n        opts = self._el.find_elements(By.CSS_SELECTOR, css)\n        matched = False\n        for opt in opts:\n            self._setSelected(opt)\n            if not self.is_multiple:\n                return\n            matched = True\n        if not matched:\n>           raise NoSuchElementException(\"Cannot locate option with value: %s\" % value)\nE           selenium.common.exceptions.NoSuchElementException: Message: Cannot locate option with value: value\n\n../venv/lib/python3.10/site-packages/selenium/webdriver/support/select.py:87: NoSuchElementException"}, "steps": [{"name": "open_admin_login_page", "status": "passed", "parameters": [{"name": "base_url", "value": "'http://192.168.31.204:8081/'"}], "start": 1660468865556, "stop": 1660468865936}, {"name": "input_password_user", "status": "passed", "steps": [{"name": "Ожидать, что  поле для ввода ('css selector', '#input-password') доступно и ввести текст 'bitnami'", "status": "passed", "parameters": [{"name": "locator", "value": "('css selector', '#input-password')"}, {"name": "text", "value": "'bitnami'"}], "start": 1660468865936, "stop": 1660468866047}], "start": 1660468865936, "stop": 1660468866047}, {"name": "input_name_user", "status": "passed", "steps": [{"name": "Ожидать, что  поле для ввода ('css selector', '#input-username') доступно и ввести текст 'user'", "status": "passed", "parameters": [{"name": "locator", "value": "('css selector', '#input-username')"}, {"name": "text", "value": "'user'"}], "start": 1660468866047, "stop": 1660468866162}], "start": 1660468866047, "stop": 1660468866162}, {"name": "click_button_autorization", "status": "passed", "steps": [{"name": "Найти элемент ('css selector', 'button.btn-primary') переместить к нему курсор и сделать клик по нему", "status": "passed", "parameters": [{"name": "locator", "value": "('css selector', 'button.btn-primary')"}], "start": 1660468866163, "stop": 1660468867147}], "start": 1660468866163, "stop": 1660468867147}, {"name": "click_to_button_catalog_tab", "status": "passed", "steps": [{"name": "Найти элемент ('css selector', '#menu-catalog') переместить к нему курсор и сделать клик по нему", "status": "passed", "parameters": [{"name": "locator", "value": "('css selector', '#menu-catalog')"}], "start": 1660468867147, "stop": 1660468867942}], "start": 1660468867147, "stop": 1660468867942}, {"name": "click_to_button_product_tab", "status": "passed", "steps": [{"name": "Найти элемент ('xpath', \"//a[text()='Products']\") переместить к нему курсор и сделать клик по нему", "status": "passed", "parameters": [{"name": "locator", "value": "('xpath', \"//a[text()='Products']\")"}], "start": 1660468867942, "stop": 1660468869508}], "start": 1660468867942, "stop": 1660468869508}, {"name": "input_product_name_filter", "status": "passed", "steps": [{"name": "Ожидать, что  поле для ввода ('css selector', 'input#input-name') доступно и ввести текст 'iPhone'", "status": "passed", "parameters": [{"name": "locator", "value": "('css selector', 'input#input-name')"}, {"name": "text", "value": "'iPhone'"}], "start": 1660468869508, "stop": 1660468869579}], "start": 1660468869508, "stop": 1660468869579}, {"name": "click_to_button_filtre", "status": "passed", "steps": [{"name": "Найти элемент ('css selector', 'button#button-filter') переместить к нему курсор и сделать клик по нему", "status": "passed", "parameters": [{"name": "locator", "value": "('css selector', 'button#button-filter')"}], "start": 1660468869579, "stop": 1660468870455}], "start": 1660468869579, "stop": 1660468870455}, {"name": "click_to_button_edit_product", "status": "passed", "steps": [{"name": "Найти элемент ('css selector', 'td a.btn-primary') переместить к нему курсор и сделать клик по нему", "status": "passed", "parameters": [{"name": "locator", "value": "('css selector', 'td a.btn-primary')"}], "start": 1660468870455, "stop": 1660468871530}], "start": 1660468870455, "stop": 1660468871530}, {"name": "go_to_data_tab", "status": "passed", "steps": [{"name": "Найти элемент ('xpath', \"//a[text()='Data']\") переместить к нему курсор и сделать клик по нему", "status": "passed", "parameters": [{"name": "locator", "value": "('xpath', \"//a[text()='Data']\")"}], "start": 1660468871530, "stop": 1660468872333}], "start": 1660468871530, "stop": 1660468872333}, {"name": "select_status_product", "status": "broken", "statusDetails": {"message": "selenium.common.exceptions.NoSuchElementException: Message: Cannot locate option with value: value\n\n", "trace": "  File \"/home/GoorooG/DevMain/Selenium_otus/venv/lib/python3.10/site-packages/allure_commons/_allure.py\", line 172, in impl\n    return func(*a, **kw)\n  File \"/home/GoorooG/DevMain/Selenium_otus/src/AdminPage.py\", line 50, in select_status_product\n    self.select_elemen_from_dropdown(locator=AdminPage.BUTTON_SELECT_STATUS, value=1)\n  File \"/home/GoorooG/DevMain/Selenium_otus/venv/lib/python3.10/site-packages/allure_commons/_allure.py\", line 172, in impl\n    return func(*a, **kw)\n  File \"/home/GoorooG/DevMain/Selenium_otus/src/BasePage.py\", line 87, in select_elemen_from_dropdown\n    select.select_by_value('value')\n  File \"/home/GoorooG/DevMain/Selenium_otus/venv/lib/python3.10/site-packages/selenium/webdriver/support/select.py\", line 87, in select_by_value\n    raise NoSuchElementException(\"Cannot locate option with value: %s\" % value)\n"}, "steps": [{"name": "Найти выпадающий список ('css selector', 'select#input-status') и выбрать из него значение", "status": "broken", "statusDetails": {"message": "selenium.common.exceptions.NoSuchElementException: Message: Cannot locate option with value: value\n\n", "trace": "  File \"/home/GoorooG/DevMain/Selenium_otus/venv/lib/python3.10/site-packages/allure_commons/_allure.py\", line 172, in impl\n    return func(*a, **kw)\n  File \"/home/GoorooG/DevMain/Selenium_otus/src/BasePage.py\", line 87, in select_elemen_from_dropdown\n    select.select_by_value('value')\n  File \"/home/GoorooG/DevMain/Selenium_otus/venv/lib/python3.10/site-packages/selenium/webdriver/support/select.py\", line 87, in select_by_value\n    raise NoSuchElementException(\"Cannot locate option with value: %s\" % value)\n"}, "parameters": [{"name": "locator", "value": "('css selector', 'select#input-status')"}, {"name": "value", "value": "1"}], "start": 1660468872333, "stop": 1660468872372}], "start": 1660468872333, "stop": 1660468872372}], "attachments": [{"name": "log", "source": "fcb9b9e2-ea41-479c-acb7-856a271b5e77-attachment.txt", "type": "text/plain"}], "start": 1660468865556, "stop": 1660468872372, "uuid": "37235c74-05de-4f37-a9c3-92b3bea27952", "historyId": "2f687de4128294ec3a70be7dfe1016a9", "testCaseId": "ab9a686ca18525e58e98b91a666c22ca", "fullName": "tests.test_admin_page#test_add_and_delete_product1", "labels": [{"name": "parentSuite", "value": "tests"}, {"name": "suite", "value": "test_admin_page"}, {"name": "host", "value": "MiWiFi-R4AC-srv"}, {"name": "thread", "value": "12765-MainThread"}, {"name": "framework", "value": "pytest"}, {"name": "language", "value": "cpython3"}, {"name": "package", "value": "tests.test_admin_page"}]}