{"name": "Тест добавления и удаления продукта", "status": "broken", "statusDetails": {"message": "selenium.common.exceptions.TimeoutException: Message: \nStacktrace:\n#0 0x5624fc10c403 <unknown>\n#1 0x5624fbf12778 <unknown>\n#2 0x5624fbf49c87 <unknown>\n#3 0x5624fbf49e51 <unknown>\n#4 0x5624fbf7cf24 <unknown>\n#5 0x5624fbf67a2d <unknown>\n#6 0x5624fbf7ac74 <unknown>\n#7 0x5624fbf678f3 <unknown>\n#8 0x5624fbf3d0d8 <unknown>\n#9 0x5624fbf3e205 <unknown>\n#10 0x5624fc153e3d <unknown>\n#11 0x5624fc156db6 <unknown>\n#12 0x5624fc13d13e <unknown>\n#13 0x5624fc1579b5 <unknown>\n#14 0x5624fc131970 <unknown>\n#15 0x5624fc174228 <unknown>\n#16 0x5624fc1743bf <unknown>\n#17 0x5624fc18eabe <unknown>\n#18 0x7fd750d0ce2d <unknown>", "trace": "browser = <selenium.webdriver.support.event_firing_webdriver.EventFiringWebDriver object at 0x7f22d0b9da80>\nbase_url = 'http://192.168.31.204:8081/'\n\n    @pytest.mark.smoke\n    @allure.title(\"Тест добавления и удаления продукта\")\n    @allure.link('http://192.168.31.204:8081/admin/')\n    def test_add_and_delete_product(browser, base_url):\n        adm_page = AdminPage(browser, base_url)\n        adm_page.open_admin_login_page(base_url)\n        adm_page.input_password_user()\n        adm_page.input_name_user()\n        adm_page.click_button_autorization()\n>       adm_page.click_to_button_catalog_tab()\n\ntest_admin_page.py:17: \n_ _ _ _ _ _ _ _ _ _ _ _ _ _ _ _ _ _ _ _ _ _ _ _ _ _ _ _ _ _ _ _ _ _ _ _ _ _ _ _ \n../src/AdminPage.py:55: in click_to_button_catalog_tab\n    self.wait_and_click_element(locator=AdminPage.OPEN_CATALOG_TAB)\n../src/BasePage.py:70: in wait_and_click_element\n    element = self.wait.until(EC.visibility_of_element_located(locator))\n_ _ _ _ _ _ _ _ _ _ _ _ _ _ _ _ _ _ _ _ _ _ _ _ _ _ _ _ _ _ _ _ _ _ _ _ _ _ _ _ \n\nself = <selenium.webdriver.support.wait.WebDriverWait (session=\"0332a9987c1edfb2ec5c2d17a642de2f\")>\nmethod = <function visibility_of_element_located.<locals>._predicate at 0x7f22d0ac03a0>\nmessage = ''\n\n    def until(self, method, message=''):\n        \"\"\"Calls the method provided with the driver as an argument until the \\\n        return value does not evaluate to ``False``.\n    \n        :param method: callable(WebDriver)\n        :param message: optional message for :exc:`TimeoutException`\n        :returns: the result of the last call to `method`\n        :raises: :exc:`selenium.common.exceptions.TimeoutException` if timeout occurs\n        \"\"\"\n        screen = None\n        stacktrace = None\n    \n        end_time = time.time() + self._timeout\n        while True:\n            try:\n                value = method(self._driver)\n                if value:\n                    return value\n            except InvalidSelectorException as e:\n                raise e\n            except self._ignored_exceptions as exc:\n                screen = getattr(exc, 'screen', None)\n                stacktrace = getattr(exc, 'stacktrace', None)\n            time.sleep(self._poll)\n            if time.time() > end_time:\n                break\n>       raise TimeoutException(message, screen, stacktrace)\nE       selenium.common.exceptions.TimeoutException: Message: \nE       Stacktrace:\nE       #0 0x5624fc10c403 <unknown>\nE       #1 0x5624fbf12778 <unknown>\nE       #2 0x5624fbf49c87 <unknown>\nE       #3 0x5624fbf49e51 <unknown>\nE       #4 0x5624fbf7cf24 <unknown>\nE       #5 0x5624fbf67a2d <unknown>\nE       #6 0x5624fbf7ac74 <unknown>\nE       #7 0x5624fbf678f3 <unknown>\nE       #8 0x5624fbf3d0d8 <unknown>\nE       #9 0x5624fbf3e205 <unknown>\nE       #10 0x5624fc153e3d <unknown>\nE       #11 0x5624fc156db6 <unknown>\nE       #12 0x5624fc13d13e <unknown>\nE       #13 0x5624fc1579b5 <unknown>\nE       #14 0x5624fc131970 <unknown>\nE       #15 0x5624fc174228 <unknown>\nE       #16 0x5624fc1743bf <unknown>\nE       #17 0x5624fc18eabe <unknown>\nE       #18 0x7fd750d0ce2d <unknown>\n\n../venv/lib/python3.10/site-packages/selenium/webdriver/support/wait.py:89: TimeoutException"}, "steps": [{"name": "open_admin_login_page", "status": "passed", "parameters": [{"name": "base_url", "value": "'http://192.168.31.204:8081/'"}], "start": 1660421642077, "stop": 1660421642663}, {"name": "input_password_user", "status": "passed", "steps": [{"name": "Ожидать, что  поле для ввода ('css selector', '#input-password') доступно и ввести текст 'bitnami'", "status": "passed", "parameters": [{"name": "locator", "value": "('css selector', '#input-password')"}, {"name": "text", "value": "'bitnami'"}], "start": 1660421642663, "stop": 1660421642802}], "start": 1660421642663, "stop": 1660421642802}, {"name": "input_name_user", "status": "passed", "steps": [{"name": "Ожидать, что  поле для ввода ('css selector', '#input-username') доступно и ввести текст 'user'", "status": "passed", "parameters": [{"name": "locator", "value": "('css selector', '#input-username')"}, {"name": "text", "value": "'user'"}], "start": 1660421642803, "stop": 1660421642924}], "start": 1660421642803, "stop": 1660421642924}, {"name": "click_button_autorization", "status": "passed", "steps": [{"name": "Найти элемент ('css selector', 'button.btn-primary') переместить к нему курсор и сделать клик по нему", "status": "passed", "parameters": [{"name": "locator", "value": "('css selector', 'button.btn-primary')"}], "start": 1660421642925, "stop": 1660421642949}], "start": 1660421642925, "stop": 1660421642949}, {"name": "click_to_button_catalog_tab", "status": "broken", "statusDetails": {"message": "selenium.common.exceptions.TimeoutException: Message: \nStacktrace:\n#0 0x5624fc10c403 <unknown>\n#1 0x5624fbf12778 <unknown>\n#2 0x5624fbf49c87 <unknown>\n#3 0x5624fbf49e51 <unknown>\n#4 0x5624fbf7cf24 <unknown>\n#5 0x5624fbf67a2d <unknown>\n#6 0x5624fbf7ac74 <unknown>\n#7 0x5624fbf678f3 <unknown>\n#8 0x5624fbf3d0d8 <unknown>\n#9 0x5624fbf3e205 <unknown>\n#10 0x5624fc153e3d <unknown>\n#11 0x5624fc156db6 <unknown>\n#12 0x5624fc13d13e <unknown>\n#13 0x5624fc1579b5 <unknown>\n#14 0x5624fc131970 <unknown>\n#15 0x5624fc174228 <unknown>\n#16 0x5624fc1743bf <unknown>\n#17 0x5624fc18eabe <unknown>\n#18 0x7fd750d0ce2d <unknown>\n\n", "trace": "  File \"/home/GoorooG/DevMain/Selenium_otus/venv/lib/python3.10/site-packages/allure_commons/_allure.py\", line 172, in impl\n    return func(*a, **kw)\n  File \"/home/GoorooG/DevMain/Selenium_otus/src/AdminPage.py\", line 55, in click_to_button_catalog_tab\n    self.wait_and_click_element(locator=AdminPage.OPEN_CATALOG_TAB)\n  File \"/home/GoorooG/DevMain/Selenium_otus/venv/lib/python3.10/site-packages/allure_commons/_allure.py\", line 172, in impl\n    return func(*a, **kw)\n  File \"/home/GoorooG/DevMain/Selenium_otus/src/BasePage.py\", line 70, in wait_and_click_element\n    element = self.wait.until(EC.visibility_of_element_located(locator))\n  File \"/home/GoorooG/DevMain/Selenium_otus/venv/lib/python3.10/site-packages/selenium/webdriver/support/wait.py\", line 89, in until\n    raise TimeoutException(message, screen, stacktrace)\n"}, "steps": [{"name": "Найти элемент ('css selector', '#menu-catalog') переместить к нему курсор и сделать клик по нему", "status": "broken", "statusDetails": {"message": "selenium.common.exceptions.TimeoutException: Message: \nStacktrace:\n#0 0x5624fc10c403 <unknown>\n#1 0x5624fbf12778 <unknown>\n#2 0x5624fbf49c87 <unknown>\n#3 0x5624fbf49e51 <unknown>\n#4 0x5624fbf7cf24 <unknown>\n#5 0x5624fbf67a2d <unknown>\n#6 0x5624fbf7ac74 <unknown>\n#7 0x5624fbf678f3 <unknown>\n#8 0x5624fbf3d0d8 <unknown>\n#9 0x5624fbf3e205 <unknown>\n#10 0x5624fc153e3d <unknown>\n#11 0x5624fc156db6 <unknown>\n#12 0x5624fc13d13e <unknown>\n#13 0x5624fc1579b5 <unknown>\n#14 0x5624fc131970 <unknown>\n#15 0x5624fc174228 <unknown>\n#16 0x5624fc1743bf <unknown>\n#17 0x5624fc18eabe <unknown>\n#18 0x7fd750d0ce2d <unknown>\n\n", "trace": "  File \"/home/GoorooG/DevMain/Selenium_otus/venv/lib/python3.10/site-packages/allure_commons/_allure.py\", line 172, in impl\n    return func(*a, **kw)\n  File \"/home/GoorooG/DevMain/Selenium_otus/src/BasePage.py\", line 70, in wait_and_click_element\n    element = self.wait.until(EC.visibility_of_element_located(locator))\n  File \"/home/GoorooG/DevMain/Selenium_otus/venv/lib/python3.10/site-packages/selenium/webdriver/support/wait.py\", line 89, in until\n    raise TimeoutException(message, screen, stacktrace)\n"}, "parameters": [{"name": "locator", "value": "('css selector', '#menu-catalog')"}], "start": 1660421642950, "stop": 1660421646288}], "start": 1660421642950, "stop": 1660421646289}], "attachments": [{"name": "log", "source": "d7494c65-bdc1-446e-b480-510f90f711d0-attachment.txt", "type": "text/plain"}], "start": 1660421642077, "stop": 1660421646290, "uuid": "986003c7-f770-4542-9261-c64973a72aad", "historyId": "f399b07b8bd926290b33094b4d37a37b", "testCaseId": "e6373f0315e59af1006eafba91856d29", "fullName": "tests.test_admin_page#test_add_and_delete_product", "labels": [{"name": "tag", "value": "smoke"}, {"name": "parentSuite", "value": "tests"}, {"name": "suite", "value": "test_admin_page"}, {"name": "host", "value": "MiWiFi-R4AC-srv"}, {"name": "thread", "value": "78985-MainThread"}, {"name": "framework", "value": "pytest"}, {"name": "language", "value": "cpython3"}, {"name": "package", "value": "tests.test_admin_page"}], "links": [{"type": "link", "url": "http://192.168.31.204:8081/admin/", "name": "http://192.168.31.204:8081/admin/"}]}