{"name": "Тест фильтра по наименованию продукта", "status": "broken", "statusDetails": {"message": "selenium.common.exceptions.InvalidSelectorException: Message: invalid selector: An invalid or illegal selector was specified\n  (Session info: chrome=104.0.5112.79)\nStacktrace:\n#0 0x56278261e403 <unknown>\n#1 0x562782424778 <unknown>\n#2 0x562782427617 <unknown>\n#3 0x5627824274c4 <unknown>\n#4 0x56278242777c <unknown>\n#5 0x56278245b9ae <unknown>\n#6 0x56278245be51 <unknown>\n#7 0x56278248ef24 <unknown>\n#8 0x562782479a2d <unknown>\n#9 0x56278248cc74 <unknown>\n#10 0x5627824798f3 <unknown>\n#11 0x56278244f0d8 <unknown>\n#12 0x562782450205 <unknown>\n#13 0x562782665e3d <unknown>\n#14 0x562782668db6 <unknown>\n#15 0x56278264f13e <unknown>\n#16 0x5627826699b5 <unknown>\n#17 0x562782643970 <unknown>\n#18 0x562782686228 <unknown>\n#19 0x5627826863bf <unknown>\n#20 0x5627826a0abe <unknown>\n#21 0x7fe37bf97e2d <unknown>", "trace": "browser = <selenium.webdriver.support.event_firing_webdriver.EventFiringWebDriver object at 0x7f13f2f9e6e0>\nbase_url = 'http://192.168.31.204:8081/'\n\n    @allure.title(\"Тест фильтра по наименованию продукта\")\n    def test_add_and_delete_product1(browser, base_url):\n        adm_page = AdminPage(browser, base_url)\n        adm_page.open_admin_login_page(base_url)\n        adm_page.input_password_user()\n        adm_page.input_name_user()\n        adm_page.click_button_autorization()\n        adm_page.click_to_button_catalog_tab()\n        adm_page.click_to_button_product_tab()\n        adm_page.input_product_name_filter()\n        adm_page.click_to_button_filtre()\n        adm_page.click_to_button_edit_product()\n        adm_page.go_to_data_tab()\n        adm_page.select_status_product()\n        adm_page.click_to_button_save_edit()\n        adm_page.click_to_button_filtre()\n>       adm_page.should_be_chenged_status_product()\n\ntest_admin_page.py:106: \n_ _ _ _ _ _ _ _ _ _ _ _ _ _ _ _ _ _ _ _ _ _ _ _ _ _ _ _ _ _ _ _ _ _ _ _ _ _ _ _ \n../src/AdminPage.py:52: in should_be_chenged_status_product\n    element = self.find_and_wait(locator=AdminPage.STATUS_PRODUCT_IN_PRODUCT_LIST)\n../src/BasePage.py:55: in find_and_wait\n    return self.wait.until(EC.visibility_of_element_located(locator))\n../venv/lib/python3.10/site-packages/selenium/webdriver/support/wait.py:82: in until\n    raise e\n../venv/lib/python3.10/site-packages/selenium/webdriver/support/wait.py:78: in until\n    value = method(self._driver)\n../venv/lib/python3.10/site-packages/selenium/webdriver/support/expected_conditions.py:127: in _predicate\n    raise e\n../venv/lib/python3.10/site-packages/selenium/webdriver/support/expected_conditions.py:125: in _predicate\n    return _element_if_visible(driver.find_element(*locator))\n../venv/lib/python3.10/site-packages/selenium/webdriver/support/event_firing_webdriver.py:108: in find_element\n    return self._dispatch(\"find\", (by, value, self._driver), \"find_element\", (by, value))\n../venv/lib/python3.10/site-packages/selenium/webdriver/support/event_firing_webdriver.py:183: in _dispatch\n    raise e\n../venv/lib/python3.10/site-packages/selenium/webdriver/support/event_firing_webdriver.py:180: in _dispatch\n    result = getattr(self._driver, d_call)(*d_args)\n../venv/lib/python3.10/site-packages/selenium/webdriver/remote/webdriver.py:1248: in find_element\n    return self.execute(Command.FIND_ELEMENT, {\n../venv/lib/python3.10/site-packages/selenium/webdriver/remote/webdriver.py:425: in execute\n    self.error_handler.check_response(response)\n_ _ _ _ _ _ _ _ _ _ _ _ _ _ _ _ _ _ _ _ _ _ _ _ _ _ _ _ _ _ _ _ _ _ _ _ _ _ _ _ \n\nself = <selenium.webdriver.remote.errorhandler.ErrorHandler object at 0x7f13f2f9f160>\nresponse = {'status': 400, 'value': '{\"value\":{\"error\":\"invalid selector\",\"message\":\"invalid selector: An invalid or illegal sele...\\\\n#19 0x5627826863bf \\\\u003Cunknown>\\\\n#20 0x5627826a0abe \\\\u003Cunknown>\\\\n#21 0x7fe37bf97e2d \\\\u003Cunknown>\\\\n\"}}'}\n\n    def check_response(self, response: Dict[str, Any]) -> None:\n        \"\"\"\n        Checks that a JSON response from the WebDriver does not have an error.\n    \n        :Args:\n         - response - The JSON response from the WebDriver server as a dictionary\n           object.\n    \n        :Raises: If the response contains an error message.\n        \"\"\"\n        status = response.get('status', None)\n        if not status or status == ErrorCode.SUCCESS:\n            return\n        value = None\n        message = response.get(\"message\", \"\")\n        screen: str = response.get(\"screen\", \"\")\n        stacktrace = None\n        if isinstance(status, int):\n            value_json = response.get('value', None)\n            if value_json and isinstance(value_json, str):\n                import json\n                try:\n                    value = json.loads(value_json)\n                    if len(value.keys()) == 1:\n                        value = value['value']\n                    status = value.get('error', None)\n                    if not status:\n                        status = value.get(\"status\", ErrorCode.UNKNOWN_ERROR)\n                        message = value.get(\"value\") or value.get(\"message\")\n                        if not isinstance(message, str):\n                            value = message\n                            message = message.get('message')\n                    else:\n                        message = value.get('message', None)\n                except ValueError:\n                    pass\n    \n        exception_class: Type[WebDriverException]\n        if status in ErrorCode.NO_SUCH_ELEMENT:\n            exception_class = NoSuchElementException\n        elif status in ErrorCode.NO_SUCH_FRAME:\n            exception_class = NoSuchFrameException\n        elif status in ErrorCode.NO_SUCH_SHADOW_ROOT:\n            exception_class = NoSuchShadowRootException\n        elif status in ErrorCode.NO_SUCH_WINDOW:\n            exception_class = NoSuchWindowException\n        elif status in ErrorCode.STALE_ELEMENT_REFERENCE:\n            exception_class = StaleElementReferenceException\n        elif status in ErrorCode.ELEMENT_NOT_VISIBLE:\n            exception_class = ElementNotVisibleException\n        elif status in ErrorCode.INVALID_ELEMENT_STATE:\n            exception_class = InvalidElementStateException\n        elif status in ErrorCode.INVALID_SELECTOR \\\n                or status in ErrorCode.INVALID_XPATH_SELECTOR \\\n                or status in ErrorCode.INVALID_XPATH_SELECTOR_RETURN_TYPER:\n            exception_class = InvalidSelectorException\n        elif status in ErrorCode.ELEMENT_IS_NOT_SELECTABLE:\n            exception_class = ElementNotSelectableException\n        elif status in ErrorCode.ELEMENT_NOT_INTERACTABLE:\n            exception_class = ElementNotInteractableException\n        elif status in ErrorCode.INVALID_COOKIE_DOMAIN:\n            exception_class = InvalidCookieDomainException\n        elif status in ErrorCode.UNABLE_TO_SET_COOKIE:\n            exception_class = UnableToSetCookieException\n        elif status in ErrorCode.TIMEOUT:\n            exception_class = TimeoutException\n        elif status in ErrorCode.SCRIPT_TIMEOUT:\n            exception_class = TimeoutException\n        elif status in ErrorCode.UNKNOWN_ERROR:\n            exception_class = WebDriverException\n        elif status in ErrorCode.UNEXPECTED_ALERT_OPEN:\n            exception_class = UnexpectedAlertPresentException\n        elif status in ErrorCode.NO_ALERT_OPEN:\n            exception_class = NoAlertPresentException\n        elif status in ErrorCode.IME_NOT_AVAILABLE:\n            exception_class = ImeNotAvailableException\n        elif status in ErrorCode.IME_ENGINE_ACTIVATION_FAILED:\n            exception_class = ImeActivationFailedException\n        elif status in ErrorCode.MOVE_TARGET_OUT_OF_BOUNDS:\n            exception_class = MoveTargetOutOfBoundsException\n        elif status in ErrorCode.JAVASCRIPT_ERROR:\n            exception_class = JavascriptException\n        elif status in ErrorCode.SESSION_NOT_CREATED:\n            exception_class = SessionNotCreatedException\n        elif status in ErrorCode.INVALID_ARGUMENT:\n            exception_class = InvalidArgumentException\n        elif status in ErrorCode.NO_SUCH_COOKIE:\n            exception_class = NoSuchCookieException\n        elif status in ErrorCode.UNABLE_TO_CAPTURE_SCREEN:\n            exception_class = ScreenshotException\n        elif status in ErrorCode.ELEMENT_CLICK_INTERCEPTED:\n            exception_class = ElementClickInterceptedException\n        elif status in ErrorCode.INSECURE_CERTIFICATE:\n            exception_class = InsecureCertificateException\n        elif status in ErrorCode.INVALID_COORDINATES:\n            exception_class = InvalidCoordinatesException\n        elif status in ErrorCode.INVALID_SESSION_ID:\n            exception_class = InvalidSessionIdException\n        elif status in ErrorCode.UNKNOWN_METHOD:\n            exception_class = UnknownMethodException\n        else:\n            exception_class = WebDriverException\n        if not value:\n            value = response['value']\n        if isinstance(value, str):\n            raise exception_class(value)\n        if message == \"\" and 'message' in value:\n            message = value['message']\n    \n        screen = None  # type: ignore[assignment]\n        if 'screen' in value:\n            screen = value['screen']\n    \n        stacktrace = None\n        st_value = value.get('stackTrace') or value.get('stacktrace')\n        if st_value:\n            if isinstance(st_value, str):\n                stacktrace = st_value.split('\\n')\n            else:\n                stacktrace = []\n                try:\n                    for frame in st_value:\n                        line = self._value_or_default(frame, 'lineNumber', '')\n                        file = self._value_or_default(frame, 'fileName', '<anonymous>')\n                        if line:\n                            file = \"%s:%s\" % (file, line)\n                        meth = self._value_or_default(frame, 'methodName', '<anonymous>')\n                        if 'className' in frame:\n                            meth = \"%s.%s\" % (frame['className'], meth)\n                        msg = \"    at %s (%s)\"\n                        msg = msg % (meth, file)\n                        stacktrace.append(msg)\n                except TypeError:\n                    pass\n        if exception_class == UnexpectedAlertPresentException:\n            alert_text = None\n            if 'data' in value:\n                alert_text = value['data'].get('text')\n            elif 'alert' in value:\n                alert_text = value['alert'].get('text')\n            raise exception_class(message, screen, stacktrace, alert_text)  # type: ignore[call-arg]  # mypy is not smart enough here\n>       raise exception_class(message, screen, stacktrace)\nE       selenium.common.exceptions.InvalidSelectorException: Message: invalid selector: An invalid or illegal selector was specified\nE         (Session info: chrome=104.0.5112.79)\nE       Stacktrace:\nE       #0 0x56278261e403 <unknown>\nE       #1 0x562782424778 <unknown>\nE       #2 0x562782427617 <unknown>\nE       #3 0x5627824274c4 <unknown>\nE       #4 0x56278242777c <unknown>\nE       #5 0x56278245b9ae <unknown>\nE       #6 0x56278245be51 <unknown>\nE       #7 0x56278248ef24 <unknown>\nE       #8 0x562782479a2d <unknown>\nE       #9 0x56278248cc74 <unknown>\nE       #10 0x5627824798f3 <unknown>\nE       #11 0x56278244f0d8 <unknown>\nE       #12 0x562782450205 <unknown>\nE       #13 0x562782665e3d <unknown>\nE       #14 0x562782668db6 <unknown>\nE       #15 0x56278264f13e <unknown>\nE       #16 0x5627826699b5 <unknown>\nE       #17 0x562782643970 <unknown>\nE       #18 0x562782686228 <unknown>\nE       #19 0x5627826863bf <unknown>\nE       #20 0x5627826a0abe <unknown>\nE       #21 0x7fe37bf97e2d <unknown>\n\n../venv/lib/python3.10/site-packages/selenium/webdriver/remote/errorhandler.py:247: InvalidSelectorException"}, "steps": [{"name": "open_admin_login_page", "status": "passed", "parameters": [{"name": "base_url", "value": "'http://192.168.31.204:8081/'"}], "start": 1660473023737, "stop": 1660473024538}, {"name": "input_password_user", "status": "passed", "steps": [{"name": "Ожидать, что  поле для ввода ('css selector', '#input-password') доступно и ввести текст 'bitnami'", "status": "passed", "parameters": [{"name": "locator", "value": "('css selector', '#input-password')"}, {"name": "text", "value": "'bitnami'"}], "start": 1660473024539, "stop": 1660473024641}], "start": 1660473024539, "stop": 1660473024641}, {"name": "input_name_user", "status": "passed", "steps": [{"name": "Ожидать, что  поле для ввода ('css selector', '#input-username') доступно и ввести текст 'user'", "status": "passed", "parameters": [{"name": "locator", "value": "('css selector', '#input-username')"}, {"name": "text", "value": "'user'"}], "start": 1660473024642, "stop": 1660473024716}], "start": 1660473024641, "stop": 1660473024716}, {"name": "click_button_autorization", "status": "passed", "steps": [{"name": "Найти элемент ('css selector', 'button.btn-primary') переместить к нему курсор и сделать клик по нему", "status": "passed", "parameters": [{"name": "locator", "value": "('css selector', 'button.btn-primary')"}], "start": 1660473024717, "stop": 1660473025741}], "start": 1660473024717, "stop": 1660473025741}, {"name": "click_to_button_catalog_tab", "status": "passed", "steps": [{"name": "Найти элемент ('css selector', '#menu-catalog') переместить к нему курсор и сделать клик по нему", "status": "passed", "parameters": [{"name": "locator", "value": "('css selector', '#menu-catalog')"}], "start": 1660473025741, "stop": 1660473026554}], "start": 1660473025741, "stop": 1660473026554}, {"name": "click_to_button_product_tab", "status": "passed", "steps": [{"name": "Найти элемент ('xpath', \"//a[text()='Products']\") переместить к нему курсор и сделать клик по нему", "status": "passed", "parameters": [{"name": "locator", "value": "('xpath', \"//a[text()='Products']\")"}], "start": 1660473026555, "stop": 1660473027565}], "start": 1660473026555, "stop": 1660473027565}, {"name": "input_product_name_filter", "status": "passed", "steps": [{"name": "Ожидать, что  поле для ввода ('css selector', 'input#input-name') доступно и ввести текст 'iPhone'", "status": "passed", "parameters": [{"name": "locator", "value": "('css selector', 'input#input-name')"}, {"name": "text", "value": "'iPhone'"}], "start": 1660473027566, "stop": 1660473027656}], "start": 1660473027566, "stop": 1660473027656}, {"name": "click_to_button_filtre", "status": "passed", "steps": [{"name": "Найти элемент ('css selector', 'button#button-filter') переместить к нему курсор и сделать клик по нему", "status": "passed", "parameters": [{"name": "locator", "value": "('css selector', 'button#button-filter')"}], "start": 1660473027656, "stop": 1660473028543}], "start": 1660473027656, "stop": 1660473028543}, {"name": "click_to_button_edit_product", "status": "passed", "steps": [{"name": "Найти элемент ('css selector', 'td a.btn-primary') переместить к нему курсор и сделать клик по нему", "status": "passed", "parameters": [{"name": "locator", "value": "('css selector', 'td a.btn-primary')"}], "start": 1660473028544, "stop": 1660473030064}], "start": 1660473028543, "stop": 1660473030064}, {"name": "go_to_data_tab", "status": "passed", "steps": [{"name": "Найти элемент ('xpath', \"//a[text()='Data']\") переместить к нему курсор и сделать клик по нему", "status": "passed", "parameters": [{"name": "locator", "value": "('xpath', \"//a[text()='Data']\")"}], "start": 1660473030065, "stop": 1660473030923}], "start": 1660473030065, "stop": 1660473030923}, {"name": "select_status_product", "status": "passed", "steps": [{"name": "Найти выпадающий список ('css selector', 'select#input-status') и выбрать из него значение", "status": "passed", "parameters": [{"name": "locator", "value": "('css selector', 'select#input-status')"}, {"name": "value", "value": "'1'"}], "start": 1660473030924, "stop": 1660473031006}], "start": 1660473030923, "stop": 1660473031006}, {"name": "click_to_button_save_edit", "status": "passed", "steps": [{"name": "Найти элемент ('css selector', 'button.btn-primary[type=submit]') переместить к нему курсор и сделать клик по нему", "status": "passed", "parameters": [{"name": "locator", "value": "('css selector', 'button.btn-primary[type=submit]')"}], "start": 1660473031007, "stop": 1660473031927}], "start": 1660473031006, "stop": 1660473031927}, {"name": "click_to_button_filtre", "status": "passed", "steps": [{"name": "Найти элемент ('css selector', 'button#button-filter') переместить к нему курсор и сделать клик по нему", "status": "passed", "parameters": [{"name": "locator", "value": "('css selector', 'button#button-filter')"}], "start": 1660473031927, "stop": 1660473032845}], "start": 1660473031927, "stop": 1660473032845}, {"name": "should_be_chenged_status_product", "status": "broken", "statusDetails": {"message": "selenium.common.exceptions.InvalidSelectorException: Message: invalid selector: An invalid or illegal selector was specified\n  (Session info: chrome=104.0.5112.79)\nStacktrace:\n#0 0x56278261e403 <unknown>\n#1 0x562782424778 <unknown>\n#2 0x562782427617 <unknown>\n#3 0x5627824274c4 <unknown>\n#4 0x56278242777c <unknown>\n#5 0x56278245b9ae <unknown>\n#6 0x56278245be51 <unknown>\n#7 0x56278248ef24 <unknown>\n#8 0x562782479a2d <unknown>\n#9 0x56278248cc74 <unknown>\n#10 0x5627824798f3 <unknown>\n#11 0x56278244f0d8 <unknown>\n#12 0x562782450205 <unknown>\n#13 0x562782665e3d <unknown>\n#14 0x562782668db6 <unknown>\n#15 0x56278264f13e <unknown>\n#16 0x5627826699b5 <unknown>\n#17 0x562782643970 <unknown>\n#18 0x562782686228 <unknown>\n#19 0x5627826863bf <unknown>\n#20 0x5627826a0abe <unknown>\n#21 0x7fe37bf97e2d <unknown>\n\n", "trace": "  File \"/home/GoorooG/DevMain/Selenium_otus/venv/lib/python3.10/site-packages/allure_commons/_allure.py\", line 172, in impl\n    return func(*a, **kw)\n  File \"/home/GoorooG/DevMain/Selenium_otus/src/AdminPage.py\", line 52, in should_be_chenged_status_product\n    element = self.find_and_wait(locator=AdminPage.STATUS_PRODUCT_IN_PRODUCT_LIST)\n  File \"/home/GoorooG/DevMain/Selenium_otus/venv/lib/python3.10/site-packages/allure_commons/_allure.py\", line 172, in impl\n    return func(*a, **kw)\n  File \"/home/GoorooG/DevMain/Selenium_otus/src/BasePage.py\", line 55, in find_and_wait\n    return self.wait.until(EC.visibility_of_element_located(locator))\n  File \"/home/GoorooG/DevMain/Selenium_otus/venv/lib/python3.10/site-packages/selenium/webdriver/support/wait.py\", line 82, in until\n    raise e\n  File \"/home/GoorooG/DevMain/Selenium_otus/venv/lib/python3.10/site-packages/selenium/webdriver/support/wait.py\", line 78, in until\n    value = method(self._driver)\n  File \"/home/GoorooG/DevMain/Selenium_otus/venv/lib/python3.10/site-packages/selenium/webdriver/support/expected_conditions.py\", line 127, in _predicate\n    raise e\n  File \"/home/GoorooG/DevMain/Selenium_otus/venv/lib/python3.10/site-packages/selenium/webdriver/support/expected_conditions.py\", line 125, in _predicate\n    return _element_if_visible(driver.find_element(*locator))\n  File \"/home/GoorooG/DevMain/Selenium_otus/venv/lib/python3.10/site-packages/selenium/webdriver/support/event_firing_webdriver.py\", line 108, in find_element\n    return self._dispatch(\"find\", (by, value, self._driver), \"find_element\", (by, value))\n  File \"/home/GoorooG/DevMain/Selenium_otus/venv/lib/python3.10/site-packages/selenium/webdriver/support/event_firing_webdriver.py\", line 183, in _dispatch\n    raise e\n  File \"/home/GoorooG/DevMain/Selenium_otus/venv/lib/python3.10/site-packages/selenium/webdriver/support/event_firing_webdriver.py\", line 180, in _dispatch\n    result = getattr(self._driver, d_call)(*d_args)\n  File \"/home/GoorooG/DevMain/Selenium_otus/venv/lib/python3.10/site-packages/selenium/webdriver/remote/webdriver.py\", line 1248, in find_element\n    return self.execute(Command.FIND_ELEMENT, {\n  File \"/home/GoorooG/DevMain/Selenium_otus/venv/lib/python3.10/site-packages/selenium/webdriver/remote/webdriver.py\", line 425, in execute\n    self.error_handler.check_response(response)\n  File \"/home/GoorooG/DevMain/Selenium_otus/venv/lib/python3.10/site-packages/selenium/webdriver/remote/errorhandler.py\", line 247, in check_response\n    raise exception_class(message, screen, stacktrace)\n"}, "steps": [{"name": "Ожидать, что  элемент ('css selector', \"//td[text()='Enabled']\") доступен для нажатия", "status": "broken", "statusDetails": {"message": "selenium.common.exceptions.InvalidSelectorException: Message: invalid selector: An invalid or illegal selector was specified\n  (Session info: chrome=104.0.5112.79)\nStacktrace:\n#0 0x56278261e403 <unknown>\n#1 0x562782424778 <unknown>\n#2 0x562782427617 <unknown>\n#3 0x5627824274c4 <unknown>\n#4 0x56278242777c <unknown>\n#5 0x56278245b9ae <unknown>\n#6 0x56278245be51 <unknown>\n#7 0x56278248ef24 <unknown>\n#8 0x562782479a2d <unknown>\n#9 0x56278248cc74 <unknown>\n#10 0x5627824798f3 <unknown>\n#11 0x56278244f0d8 <unknown>\n#12 0x562782450205 <unknown>\n#13 0x562782665e3d <unknown>\n#14 0x562782668db6 <unknown>\n#15 0x56278264f13e <unknown>\n#16 0x5627826699b5 <unknown>\n#17 0x562782643970 <unknown>\n#18 0x562782686228 <unknown>\n#19 0x5627826863bf <unknown>\n#20 0x5627826a0abe <unknown>\n#21 0x7fe37bf97e2d <unknown>\n\n", "trace": "  File \"/home/GoorooG/DevMain/Selenium_otus/venv/lib/python3.10/site-packages/allure_commons/_allure.py\", line 172, in impl\n    return func(*a, **kw)\n  File \"/home/GoorooG/DevMain/Selenium_otus/src/BasePage.py\", line 55, in find_and_wait\n    return self.wait.until(EC.visibility_of_element_located(locator))\n  File \"/home/GoorooG/DevMain/Selenium_otus/venv/lib/python3.10/site-packages/selenium/webdriver/support/wait.py\", line 82, in until\n    raise e\n  File \"/home/GoorooG/DevMain/Selenium_otus/venv/lib/python3.10/site-packages/selenium/webdriver/support/wait.py\", line 78, in until\n    value = method(self._driver)\n  File \"/home/GoorooG/DevMain/Selenium_otus/venv/lib/python3.10/site-packages/selenium/webdriver/support/expected_conditions.py\", line 127, in _predicate\n    raise e\n  File \"/home/GoorooG/DevMain/Selenium_otus/venv/lib/python3.10/site-packages/selenium/webdriver/support/expected_conditions.py\", line 125, in _predicate\n    return _element_if_visible(driver.find_element(*locator))\n  File \"/home/GoorooG/DevMain/Selenium_otus/venv/lib/python3.10/site-packages/selenium/webdriver/support/event_firing_webdriver.py\", line 108, in find_element\n    return self._dispatch(\"find\", (by, value, self._driver), \"find_element\", (by, value))\n  File \"/home/GoorooG/DevMain/Selenium_otus/venv/lib/python3.10/site-packages/selenium/webdriver/support/event_firing_webdriver.py\", line 183, in _dispatch\n    raise e\n  File \"/home/GoorooG/DevMain/Selenium_otus/venv/lib/python3.10/site-packages/selenium/webdriver/support/event_firing_webdriver.py\", line 180, in _dispatch\n    result = getattr(self._driver, d_call)(*d_args)\n  File \"/home/GoorooG/DevMain/Selenium_otus/venv/lib/python3.10/site-packages/selenium/webdriver/remote/webdriver.py\", line 1248, in find_element\n    return self.execute(Command.FIND_ELEMENT, {\n  File \"/home/GoorooG/DevMain/Selenium_otus/venv/lib/python3.10/site-packages/selenium/webdriver/remote/webdriver.py\", line 425, in execute\n    self.error_handler.check_response(response)\n  File \"/home/GoorooG/DevMain/Selenium_otus/venv/lib/python3.10/site-packages/selenium/webdriver/remote/errorhandler.py\", line 247, in check_response\n    raise exception_class(message, screen, stacktrace)\n"}, "parameters": [{"name": "locator", "value": "('css selector', \"//td[text()='Enabled']\")"}], "start": 1660473032845, "stop": 1660473033141}], "start": 1660473032845, "stop": 1660473033151}], "attachments": [{"name": "log", "source": "fe13f86a-33fa-4077-b72a-bfb442f6789c-attachment.txt", "type": "text/plain"}], "start": 1660473023737, "stop": 1660473033152, "uuid": "2d6d38b4-62b3-48e2-a5df-8b17cbd42c93", "historyId": "2f687de4128294ec3a70be7dfe1016a9", "testCaseId": "ab9a686ca18525e58e98b91a666c22ca", "fullName": "tests.test_admin_page#test_add_and_delete_product1", "labels": [{"name": "parentSuite", "value": "tests"}, {"name": "suite", "value": "test_admin_page"}, {"name": "host", "value": "MiWiFi-R4AC-srv"}, {"name": "thread", "value": "17780-MainThread"}, {"name": "framework", "value": "pytest"}, {"name": "language", "value": "cpython3"}, {"name": "package", "value": "tests.test_admin_page"}]}