{"name": "Тест фильтра по наименованию продукта", "status": "broken", "statusDetails": {"message": "selenium.common.exceptions.TimeoutException: Message: \nStacktrace:\n#0 0x556c94155403 <unknown>\n#1 0x556c93f5b778 <unknown>\n#2 0x556c93f92c87 <unknown>\n#3 0x556c93f92e51 <unknown>\n#4 0x556c93fc5f24 <unknown>\n#5 0x556c93fb0a2d <unknown>\n#6 0x556c93fc3c74 <unknown>\n#7 0x556c93fb08f3 <unknown>\n#8 0x556c93f860d8 <unknown>\n#9 0x556c93f87205 <unknown>\n#10 0x556c9419ce3d <unknown>\n#11 0x556c9419fdb6 <unknown>\n#12 0x556c9418613e <unknown>\n#13 0x556c941a09b5 <unknown>\n#14 0x556c9417a970 <unknown>\n#15 0x556c941bd228 <unknown>\n#16 0x556c941bd3bf <unknown>\n#17 0x556c941d7abe <unknown>\n#18 0x7fb8b4276e2d <unknown>", "trace": "self = <src.AdminPage.AdminPage object at 0x7fe86a229f30>\nlocator = ('css selector', 'td a.btn-primary')\n\n    @allure.step('Найти элемент {locator} переместить к нему курсор и сделать клик по нему')\n    def wait_and_click_element(self, locator='locator'):\n        self.logger.info(\"Clicking element: {}\".format(locator))\n        actions = ActionChains(self.driver)\n        try:\n>           element = self.wait.until(EC.visibility_of_element_located(locator))\n\n../src/BasePage.py:77: \n_ _ _ _ _ _ _ _ _ _ _ _ _ _ _ _ _ _ _ _ _ _ _ _ _ _ _ _ _ _ _ _ _ _ _ _ _ _ _ _ \n\nself = <selenium.webdriver.support.wait.WebDriverWait (session=\"fd7784c883b7a637443a815e6a3acac7\")>\nmethod = <function visibility_of_element_located.<locals>._predicate at 0x7fe86a10bbe0>\nmessage = ''\n\n    def until(self, method, message=''):\n        \"\"\"Calls the method provided with the driver as an argument until the \\\n        return value does not evaluate to ``False``.\n    \n        :param method: callable(WebDriver)\n        :param message: optional message for :exc:`TimeoutException`\n        :returns: the result of the last call to `method`\n        :raises: :exc:`selenium.common.exceptions.TimeoutException` if timeout occurs\n        \"\"\"\n        screen = None\n        stacktrace = None\n    \n        end_time = time.time() + self._timeout\n        while True:\n            try:\n                value = method(self._driver)\n                if value:\n                    return value\n            except InvalidSelectorException as e:\n                raise e\n            except self._ignored_exceptions as exc:\n                screen = getattr(exc, 'screen', None)\n                stacktrace = getattr(exc, 'stacktrace', None)\n            time.sleep(self._poll)\n            if time.time() > end_time:\n                break\n>       raise TimeoutException(message, screen, stacktrace)\nE       selenium.common.exceptions.TimeoutException: Message: \nE       Stacktrace:\nE       #0 0x556c94155403 <unknown>\nE       #1 0x556c93f5b778 <unknown>\nE       #2 0x556c93f92c87 <unknown>\nE       #3 0x556c93f92e51 <unknown>\nE       #4 0x556c93fc5f24 <unknown>\nE       #5 0x556c93fb0a2d <unknown>\nE       #6 0x556c93fc3c74 <unknown>\nE       #7 0x556c93fb08f3 <unknown>\nE       #8 0x556c93f860d8 <unknown>\nE       #9 0x556c93f87205 <unknown>\nE       #10 0x556c9419ce3d <unknown>\nE       #11 0x556c9419fdb6 <unknown>\nE       #12 0x556c9418613e <unknown>\nE       #13 0x556c941a09b5 <unknown>\nE       #14 0x556c9417a970 <unknown>\nE       #15 0x556c941bd228 <unknown>\nE       #16 0x556c941bd3bf <unknown>\nE       #17 0x556c941d7abe <unknown>\nE       #18 0x7fb8b4276e2d <unknown>\n\n../venv/lib/python3.10/site-packages/selenium/webdriver/support/wait.py:89: TimeoutException\n\nDuring handling of the above exception, another exception occurred:\n\nbrowser = <selenium.webdriver.support.event_firing_webdriver.EventFiringWebDriver object at 0x7fe86a22a6e0>\nbase_url = 'http://192.168.31.204:8081/'\n\n    @allure.title(\"Тест фильтра по наименованию продукта\")\n    def test_add_and_delete_product1(browser, base_url):\n        adm_page = AdminPage(browser, base_url)\n        adm_page.open_admin_login_page(base_url)\n        adm_page.input_password_user()\n        adm_page.input_name_user()\n        adm_page.click_button_autorization()\n        adm_page.click_to_button_catalog_tab()\n        adm_page.click_to_button_product_tab()\n        adm_page.input_product_name_filter()\n        adm_page.click_to_button_filtre()\n        adm_page.click_to_button_edit_product()\n        adm_page.go_to_data_tab()\n        adm_page.select_status_product()\n        adm_page.click_to_button_save_edit()\n        adm_page.input_product_name_filter()\n        adm_page.click_to_button_filtre()\n>       adm_page.click_to_button_edit_product()\n\ntest_admin_page.py:107: \n_ _ _ _ _ _ _ _ _ _ _ _ _ _ _ _ _ _ _ _ _ _ _ _ _ _ _ _ _ _ _ _ _ _ _ _ _ _ _ _ \n../src/AdminPage.py:64: in click_to_button_edit_product\n    self.wait_and_click_element(locator=AdminPage.BUTTON_EDIT_PRODUCT)\n../src/BasePage.py:80: in wait_and_click_element\n    element = self.wait.until(EC.visibility_of_element_located(locator))\n_ _ _ _ _ _ _ _ _ _ _ _ _ _ _ _ _ _ _ _ _ _ _ _ _ _ _ _ _ _ _ _ _ _ _ _ _ _ _ _ \n\nself = <selenium.webdriver.support.wait.WebDriverWait (session=\"fd7784c883b7a637443a815e6a3acac7\")>\nmethod = <function visibility_of_element_located.<locals>._predicate at 0x7fe869d013f0>\nmessage = ''\n\n    def until(self, method, message=''):\n        \"\"\"Calls the method provided with the driver as an argument until the \\\n        return value does not evaluate to ``False``.\n    \n        :param method: callable(WebDriver)\n        :param message: optional message for :exc:`TimeoutException`\n        :returns: the result of the last call to `method`\n        :raises: :exc:`selenium.common.exceptions.TimeoutException` if timeout occurs\n        \"\"\"\n        screen = None\n        stacktrace = None\n    \n        end_time = time.time() + self._timeout\n        while True:\n            try:\n                value = method(self._driver)\n                if value:\n                    return value\n            except InvalidSelectorException as e:\n                raise e\n            except self._ignored_exceptions as exc:\n                screen = getattr(exc, 'screen', None)\n                stacktrace = getattr(exc, 'stacktrace', None)\n            time.sleep(self._poll)\n            if time.time() > end_time:\n                break\n>       raise TimeoutException(message, screen, stacktrace)\nE       selenium.common.exceptions.TimeoutException: Message: \nE       Stacktrace:\nE       #0 0x556c94155403 <unknown>\nE       #1 0x556c93f5b778 <unknown>\nE       #2 0x556c93f92c87 <unknown>\nE       #3 0x556c93f92e51 <unknown>\nE       #4 0x556c93fc5f24 <unknown>\nE       #5 0x556c93fb0a2d <unknown>\nE       #6 0x556c93fc3c74 <unknown>\nE       #7 0x556c93fb08f3 <unknown>\nE       #8 0x556c93f860d8 <unknown>\nE       #9 0x556c93f87205 <unknown>\nE       #10 0x556c9419ce3d <unknown>\nE       #11 0x556c9419fdb6 <unknown>\nE       #12 0x556c9418613e <unknown>\nE       #13 0x556c941a09b5 <unknown>\nE       #14 0x556c9417a970 <unknown>\nE       #15 0x556c941bd228 <unknown>\nE       #16 0x556c941bd3bf <unknown>\nE       #17 0x556c941d7abe <unknown>\nE       #18 0x7fb8b4276e2d <unknown>\n\n../venv/lib/python3.10/site-packages/selenium/webdriver/support/wait.py:89: TimeoutException"}, "steps": [{"name": "open_admin_login_page", "status": "passed", "parameters": [{"name": "base_url", "value": "'http://192.168.31.204:8081/'"}], "start": 1660472596404, "stop": 1660472596885}, {"name": "input_password_user", "status": "passed", "steps": [{"name": "Ожидать, что  поле для ввода ('css selector', '#input-password') доступно и ввести текст 'bitnami'", "status": "passed", "parameters": [{"name": "locator", "value": "('css selector', '#input-password')"}, {"name": "text", "value": "'bitnami'"}], "start": 1660472596885, "stop": 1660472596985}], "start": 1660472596885, "stop": 1660472596985}, {"name": "input_name_user", "status": "passed", "steps": [{"name": "Ожидать, что  поле для ввода ('css selector', '#input-username') доступно и ввести текст 'user'", "status": "passed", "parameters": [{"name": "locator", "value": "('css selector', '#input-username')"}, {"name": "text", "value": "'user'"}], "start": 1660472596985, "stop": 1660472597059}], "start": 1660472596985, "stop": 1660472597059}, {"name": "click_button_autorization", "status": "passed", "steps": [{"name": "Найти элемент ('css selector', 'button.btn-primary') переместить к нему курсор и сделать клик по нему", "status": "passed", "parameters": [{"name": "locator", "value": "('css selector', 'button.btn-primary')"}], "start": 1660472597060, "stop": 1660472598024}], "start": 1660472597059, "stop": 1660472598024}, {"name": "click_to_button_catalog_tab", "status": "passed", "steps": [{"name": "Найти элемент ('css selector', '#menu-catalog') переместить к нему курсор и сделать клик по нему", "status": "passed", "parameters": [{"name": "locator", "value": "('css selector', '#menu-catalog')"}], "start": 1660472598024, "stop": 1660472598884}], "start": 1660472598024, "stop": 1660472598885}, {"name": "click_to_button_product_tab", "status": "passed", "steps": [{"name": "Найти элемент ('xpath', \"//a[text()='Products']\") переместить к нему курсор и сделать клик по нему", "status": "passed", "parameters": [{"name": "locator", "value": "('xpath', \"//a[text()='Products']\")"}], "start": 1660472598885, "stop": 1660472599849}], "start": 1660472598885, "stop": 1660472599849}, {"name": "input_product_name_filter", "status": "passed", "steps": [{"name": "Ожидать, что  поле для ввода ('css selector', 'input#input-name') доступно и ввести текст 'iPhone'", "status": "passed", "parameters": [{"name": "locator", "value": "('css selector', 'input#input-name')"}, {"name": "text", "value": "'iPhone'"}], "start": 1660472599849, "stop": 1660472599952}], "start": 1660472599849, "stop": 1660472599952}, {"name": "click_to_button_filtre", "status": "passed", "steps": [{"name": "Найти элемент ('css selector', 'button#button-filter') переместить к нему курсор и сделать клик по нему", "status": "passed", "parameters": [{"name": "locator", "value": "('css selector', 'button#button-filter')"}], "start": 1660472599952, "stop": 1660472600868}], "start": 1660472599952, "stop": 1660472600868}, {"name": "click_to_button_edit_product", "status": "passed", "steps": [{"name": "Найти элемент ('css selector', 'td a.btn-primary') переместить к нему курсор и сделать клик по нему", "status": "passed", "parameters": [{"name": "locator", "value": "('css selector', 'td a.btn-primary')"}], "start": 1660472600868, "stop": 1660472602486}], "start": 1660472600868, "stop": 1660472602486}, {"name": "go_to_data_tab", "status": "passed", "steps": [{"name": "Найти элемент ('xpath', \"//a[text()='Data']\") переместить к нему курсор и сделать клик по нему", "status": "passed", "parameters": [{"name": "locator", "value": "('xpath', \"//a[text()='Data']\")"}], "start": 1660472602486, "stop": 1660472603336}], "start": 1660472602486, "stop": 1660472603336}, {"name": "select_status_product", "status": "passed", "steps": [{"name": "Найти выпадающий список ('css selector', 'select#input-status') и выбрать из него значение", "status": "passed", "parameters": [{"name": "locator", "value": "('css selector', 'select#input-status')"}, {"name": "value", "value": "'1'"}], "start": 1660472603336, "stop": 1660472603391}], "start": 1660472603336, "stop": 1660472603391}, {"name": "click_to_button_save_edit", "status": "passed", "steps": [{"name": "Найти элемент ('css selector', 'button.btn-primary[type=submit]') переместить к нему курсор и сделать клик по нему", "status": "passed", "parameters": [{"name": "locator", "value": "('css selector', 'button.btn-primary[type=submit]')"}], "start": 1660472603391, "stop": 1660472604325}], "start": 1660472603391, "stop": 1660472604325}, {"name": "input_product_name_filter", "status": "passed", "steps": [{"name": "Ожидать, что  поле для ввода ('css selector', 'input#input-name') доступно и ввести текст 'iPhone'", "status": "passed", "parameters": [{"name": "locator", "value": "('css selector', 'input#input-name')"}, {"name": "text", "value": "'iPhone'"}], "start": 1660472604326, "stop": 1660472604396}], "start": 1660472604325, "stop": 1660472604396}, {"name": "click_to_button_filtre", "status": "passed", "steps": [{"name": "Найти элемент ('css selector', 'button#button-filter') переместить к нему курсор и сделать клик по нему", "status": "passed", "parameters": [{"name": "locator", "value": "('css selector', 'button#button-filter')"}], "start": 1660472604396, "stop": 1660472605295}], "start": 1660472604396, "stop": 1660472605295}, {"name": "click_to_button_edit_product", "status": "broken", "statusDetails": {"message": "selenium.common.exceptions.TimeoutException: Message: \nStacktrace:\n#0 0x556c94155403 <unknown>\n#1 0x556c93f5b778 <unknown>\n#2 0x556c93f92c87 <unknown>\n#3 0x556c93f92e51 <unknown>\n#4 0x556c93fc5f24 <unknown>\n#5 0x556c93fb0a2d <unknown>\n#6 0x556c93fc3c74 <unknown>\n#7 0x556c93fb08f3 <unknown>\n#8 0x556c93f860d8 <unknown>\n#9 0x556c93f87205 <unknown>\n#10 0x556c9419ce3d <unknown>\n#11 0x556c9419fdb6 <unknown>\n#12 0x556c9418613e <unknown>\n#13 0x556c941a09b5 <unknown>\n#14 0x556c9417a970 <unknown>\n#15 0x556c941bd228 <unknown>\n#16 0x556c941bd3bf <unknown>\n#17 0x556c941d7abe <unknown>\n#18 0x7fb8b4276e2d <unknown>\n\n", "trace": "  File \"/home/GoorooG/DevMain/Selenium_otus/venv/lib/python3.10/site-packages/allure_commons/_allure.py\", line 172, in impl\n    return func(*a, **kw)\n  File \"/home/GoorooG/DevMain/Selenium_otus/src/AdminPage.py\", line 64, in click_to_button_edit_product\n    self.wait_and_click_element(locator=AdminPage.BUTTON_EDIT_PRODUCT)\n  File \"/home/GoorooG/DevMain/Selenium_otus/venv/lib/python3.10/site-packages/allure_commons/_allure.py\", line 172, in impl\n    return func(*a, **kw)\n  File \"/home/GoorooG/DevMain/Selenium_otus/src/BasePage.py\", line 80, in wait_and_click_element\n    element = self.wait.until(EC.visibility_of_element_located(locator))\n  File \"/home/GoorooG/DevMain/Selenium_otus/venv/lib/python3.10/site-packages/selenium/webdriver/support/wait.py\", line 89, in until\n    raise TimeoutException(message, screen, stacktrace)\n"}, "steps": [{"name": "Найти элемент ('css selector', 'td a.btn-primary') переместить к нему курсор и сделать клик по нему", "status": "broken", "statusDetails": {"message": "selenium.common.exceptions.TimeoutException: Message: \nStacktrace:\n#0 0x556c94155403 <unknown>\n#1 0x556c93f5b778 <unknown>\n#2 0x556c93f92c87 <unknown>\n#3 0x556c93f92e51 <unknown>\n#4 0x556c93fc5f24 <unknown>\n#5 0x556c93fb0a2d <unknown>\n#6 0x556c93fc3c74 <unknown>\n#7 0x556c93fb08f3 <unknown>\n#8 0x556c93f860d8 <unknown>\n#9 0x556c93f87205 <unknown>\n#10 0x556c9419ce3d <unknown>\n#11 0x556c9419fdb6 <unknown>\n#12 0x556c9418613e <unknown>\n#13 0x556c941a09b5 <unknown>\n#14 0x556c9417a970 <unknown>\n#15 0x556c941bd228 <unknown>\n#16 0x556c941bd3bf <unknown>\n#17 0x556c941d7abe <unknown>\n#18 0x7fb8b4276e2d <unknown>\n\n", "trace": "  File \"/home/GoorooG/DevMain/Selenium_otus/venv/lib/python3.10/site-packages/allure_commons/_allure.py\", line 172, in impl\n    return func(*a, **kw)\n  File \"/home/GoorooG/DevMain/Selenium_otus/src/BasePage.py\", line 80, in wait_and_click_element\n    element = self.wait.until(EC.visibility_of_element_located(locator))\n  File \"/home/GoorooG/DevMain/Selenium_otus/venv/lib/python3.10/site-packages/selenium/webdriver/support/wait.py\", line 89, in until\n    raise TimeoutException(message, screen, stacktrace)\n"}, "parameters": [{"name": "locator", "value": "('css selector', 'td a.btn-primary')"}], "start": 1660472605295, "stop": 1660472612909}], "start": 1660472605295, "stop": 1660472612911}], "attachments": [{"name": "log", "source": "d3f72d57-940e-493c-8963-0be2b9a2a42c-attachment.txt", "type": "text/plain"}], "start": 1660472596404, "stop": 1660472612912, "uuid": "c3dc35ae-8e08-4b4b-aa5a-9ad3edf6dfb7", "historyId": "2f687de4128294ec3a70be7dfe1016a9", "testCaseId": "ab9a686ca18525e58e98b91a666c22ca", "fullName": "tests.test_admin_page#test_add_and_delete_product1", "labels": [{"name": "parentSuite", "value": "tests"}, {"name": "suite", "value": "test_admin_page"}, {"name": "host", "value": "MiWiFi-R4AC-srv"}, {"name": "thread", "value": "16245-MainThread"}, {"name": "framework", "value": "pytest"}, {"name": "language", "value": "cpython3"}, {"name": "package", "value": "tests.test_admin_page"}]}