{"name": "Тест фильтра по наименованию продукта", "status": "broken", "statusDetails": {"message": "selenium.common.exceptions.TimeoutException: Message: \nStacktrace:\n#0 0x5637e48d2403 <unknown>\n#1 0x5637e46d8778 <unknown>\n#2 0x5637e470fc87 <unknown>\n#3 0x5637e470fe51 <unknown>\n#4 0x5637e4742f24 <unknown>\n#5 0x5637e472da2d <unknown>\n#6 0x5637e4740c74 <unknown>\n#7 0x5637e472d8f3 <unknown>\n#8 0x5637e47030d8 <unknown>\n#9 0x5637e4704205 <unknown>\n#10 0x5637e4919e3d <unknown>\n#11 0x5637e491cdb6 <unknown>\n#12 0x5637e490313e <unknown>\n#13 0x5637e491d9b5 <unknown>\n#14 0x5637e48f7970 <unknown>\n#15 0x5637e493a228 <unknown>\n#16 0x5637e493a3bf <unknown>\n#17 0x5637e4954abe <unknown>\n#18 0x7f08d30d9e2d <unknown>", "trace": "browser = <selenium.webdriver.support.event_firing_webdriver.EventFiringWebDriver object at 0x7f5feb045d80>\nbase_url = 'http://192.168.31.204:8081/'\n\n    @allure.title(\"Тест фильтра по наименованию продукта\")\n    def test_add_and_delete_product1(browser, base_url):\n        adm_page = AdminPage(browser, base_url)\n        adm_page.open_admin_login_page(base_url)\n        adm_page.input_password_user()\n        adm_page.input_name_user()\n        adm_page.click_button_autorization()\n        adm_page.click_to_button_catalog_tab()\n        adm_page.click_to_button_product_tab()\n        adm_page.input_product_name_filter()\n        adm_page.click_to_button_filtre()\n        adm_page.click_to_button_edit_product()\n        adm_page.go_to_data_tab()\n>       adm_page.select_status_product()\n\ntest_admin_page.py:103: \n_ _ _ _ _ _ _ _ _ _ _ _ _ _ _ _ _ _ _ _ _ _ _ _ _ _ _ _ _ _ _ _ _ _ _ _ _ _ _ _ \n../src/AdminPage.py:49: in select_status_product\n    self.select_elemen_from_dropdown(locator=AdminPage.BUTTON_EDIT_PRODUCT, value=1)\n../src/BasePage.py:86: in select_elemen_from_dropdown\n    select = Select(self.wait.until(EC.visibility_of_element_located(locator)))\n_ _ _ _ _ _ _ _ _ _ _ _ _ _ _ _ _ _ _ _ _ _ _ _ _ _ _ _ _ _ _ _ _ _ _ _ _ _ _ _ \n\nself = <selenium.webdriver.support.wait.WebDriverWait (session=\"027a5d64c73e0362e43d2a2b3b25704e\")>\nmethod = <function visibility_of_element_located.<locals>._predicate at 0x7f5feaf29750>\nmessage = ''\n\n    def until(self, method, message=''):\n        \"\"\"Calls the method provided with the driver as an argument until the \\\n        return value does not evaluate to ``False``.\n    \n        :param method: callable(WebDriver)\n        :param message: optional message for :exc:`TimeoutException`\n        :returns: the result of the last call to `method`\n        :raises: :exc:`selenium.common.exceptions.TimeoutException` if timeout occurs\n        \"\"\"\n        screen = None\n        stacktrace = None\n    \n        end_time = time.time() + self._timeout\n        while True:\n            try:\n                value = method(self._driver)\n                if value:\n                    return value\n            except InvalidSelectorException as e:\n                raise e\n            except self._ignored_exceptions as exc:\n                screen = getattr(exc, 'screen', None)\n                stacktrace = getattr(exc, 'stacktrace', None)\n            time.sleep(self._poll)\n            if time.time() > end_time:\n                break\n>       raise TimeoutException(message, screen, stacktrace)\nE       selenium.common.exceptions.TimeoutException: Message: \nE       Stacktrace:\nE       #0 0x5637e48d2403 <unknown>\nE       #1 0x5637e46d8778 <unknown>\nE       #2 0x5637e470fc87 <unknown>\nE       #3 0x5637e470fe51 <unknown>\nE       #4 0x5637e4742f24 <unknown>\nE       #5 0x5637e472da2d <unknown>\nE       #6 0x5637e4740c74 <unknown>\nE       #7 0x5637e472d8f3 <unknown>\nE       #8 0x5637e47030d8 <unknown>\nE       #9 0x5637e4704205 <unknown>\nE       #10 0x5637e4919e3d <unknown>\nE       #11 0x5637e491cdb6 <unknown>\nE       #12 0x5637e490313e <unknown>\nE       #13 0x5637e491d9b5 <unknown>\nE       #14 0x5637e48f7970 <unknown>\nE       #15 0x5637e493a228 <unknown>\nE       #16 0x5637e493a3bf <unknown>\nE       #17 0x5637e4954abe <unknown>\nE       #18 0x7f08d30d9e2d <unknown>\n\n../venv/lib/python3.10/site-packages/selenium/webdriver/support/wait.py:89: TimeoutException"}, "steps": [{"name": "open_admin_login_page", "status": "passed", "parameters": [{"name": "base_url", "value": "'http://192.168.31.204:8081/'"}], "start": 1660467679407, "stop": 1660467679824}, {"name": "input_password_user", "status": "passed", "steps": [{"name": "Ожидать, что  поле для ввода ('css selector', '#input-password') доступно и ввести текст 'bitnami'", "status": "passed", "parameters": [{"name": "locator", "value": "('css selector', '#input-password')"}, {"name": "text", "value": "'bitnami'"}], "start": 1660467679825, "stop": 1660467679988}], "start": 1660467679825, "stop": 1660467679988}, {"name": "input_name_user", "status": "passed", "steps": [{"name": "Ожидать, что  поле для ввода ('css selector', '#input-username') доступно и ввести текст 'user'", "status": "passed", "parameters": [{"name": "locator", "value": "('css selector', '#input-username')"}, {"name": "text", "value": "'user'"}], "start": 1660467679989, "stop": 1660467680111}], "start": 1660467679989, "stop": 1660467680111}, {"name": "click_button_autorization", "status": "passed", "steps": [{"name": "Найти элемент ('css selector', 'button.btn-primary') переместить к нему курсор и сделать клик по нему", "status": "passed", "parameters": [{"name": "locator", "value": "('css selector', 'button.btn-primary')"}], "start": 1660467680111, "stop": 1660467681051}], "start": 1660467680111, "stop": 1660467681051}, {"name": "click_to_button_catalog_tab", "status": "passed", "steps": [{"name": "Найти элемент ('css selector', '#menu-catalog') переместить к нему курсор и сделать клик по нему", "status": "passed", "parameters": [{"name": "locator", "value": "('css selector', '#menu-catalog')"}], "start": 1660467681052, "stop": 1660467681905}], "start": 1660467681052, "stop": 1660467681905}, {"name": "click_to_button_product_tab", "status": "passed", "steps": [{"name": "Найти элемент ('xpath', \"//a[text()='Products']\") переместить к нему курсор и сделать клик по нему", "status": "passed", "parameters": [{"name": "locator", "value": "('xpath', \"//a[text()='Products']\")"}], "start": 1660467681906, "stop": 1660467682912}], "start": 1660467681906, "stop": 1660467682912}, {"name": "input_product_name_filter", "status": "passed", "steps": [{"name": "Ожидать, что  поле для ввода ('css selector', 'input#input-name') доступно и ввести текст 'iPhone'", "status": "passed", "parameters": [{"name": "locator", "value": "('css selector', 'input#input-name')"}, {"name": "text", "value": "'iPhone'"}], "start": 1660467682912, "stop": 1660467683008}], "start": 1660467682912, "stop": 1660467683008}, {"name": "click_to_button_filtre", "status": "passed", "steps": [{"name": "Найти элемент ('css selector', 'button#button-filter') переместить к нему курсор и сделать клик по нему", "status": "passed", "parameters": [{"name": "locator", "value": "('css selector', 'button#button-filter')"}], "start": 1660467683008, "stop": 1660467683909}], "start": 1660467683008, "stop": 1660467683909}, {"name": "click_to_button_edit_product", "status": "passed", "steps": [{"name": "Найти элемент ('css selector', 'td a.btn-primary') переместить к нему курсор и сделать клик по нему", "status": "passed", "parameters": [{"name": "locator", "value": "('css selector', 'td a.btn-primary')"}], "start": 1660467683909, "stop": 1660467685073}], "start": 1660467683909, "stop": 1660467685073}, {"name": "go_to_data_tab", "status": "passed", "steps": [{"name": "Найти элемент ('xpath', \"//a[text()='Data']\") переместить к нему курсор и сделать клик по нему", "status": "passed", "parameters": [{"name": "locator", "value": "('xpath', \"//a[text()='Data']\")"}], "start": 1660467685074, "stop": 1660467685936}], "start": 1660467685073, "stop": 1660467685936}, {"name": "select_status_product", "status": "broken", "statusDetails": {"message": "selenium.common.exceptions.TimeoutException: Message: \nStacktrace:\n#0 0x5637e48d2403 <unknown>\n#1 0x5637e46d8778 <unknown>\n#2 0x5637e470fc87 <unknown>\n#3 0x5637e470fe51 <unknown>\n#4 0x5637e4742f24 <unknown>\n#5 0x5637e472da2d <unknown>\n#6 0x5637e4740c74 <unknown>\n#7 0x5637e472d8f3 <unknown>\n#8 0x5637e47030d8 <unknown>\n#9 0x5637e4704205 <unknown>\n#10 0x5637e4919e3d <unknown>\n#11 0x5637e491cdb6 <unknown>\n#12 0x5637e490313e <unknown>\n#13 0x5637e491d9b5 <unknown>\n#14 0x5637e48f7970 <unknown>\n#15 0x5637e493a228 <unknown>\n#16 0x5637e493a3bf <unknown>\n#17 0x5637e4954abe <unknown>\n#18 0x7f08d30d9e2d <unknown>\n\n", "trace": "  File \"/home/GoorooG/DevMain/Selenium_otus/venv/lib/python3.10/site-packages/allure_commons/_allure.py\", line 172, in impl\n    return func(*a, **kw)\n  File \"/home/GoorooG/DevMain/Selenium_otus/src/AdminPage.py\", line 49, in select_status_product\n    self.select_elemen_from_dropdown(locator=AdminPage.BUTTON_EDIT_PRODUCT, value=1)\n  File \"/home/GoorooG/DevMain/Selenium_otus/venv/lib/python3.10/site-packages/allure_commons/_allure.py\", line 172, in impl\n    return func(*a, **kw)\n  File \"/home/GoorooG/DevMain/Selenium_otus/src/BasePage.py\", line 86, in select_elemen_from_dropdown\n    select = Select(self.wait.until(EC.visibility_of_element_located(locator)))\n  File \"/home/GoorooG/DevMain/Selenium_otus/venv/lib/python3.10/site-packages/selenium/webdriver/support/wait.py\", line 89, in until\n    raise TimeoutException(message, screen, stacktrace)\n"}, "steps": [{"name": "Найти выпадающий список ('css selector', 'td a.btn-primary') и выбрать из него значение", "status": "broken", "statusDetails": {"message": "selenium.common.exceptions.TimeoutException: Message: \nStacktrace:\n#0 0x5637e48d2403 <unknown>\n#1 0x5637e46d8778 <unknown>\n#2 0x5637e470fc87 <unknown>\n#3 0x5637e470fe51 <unknown>\n#4 0x5637e4742f24 <unknown>\n#5 0x5637e472da2d <unknown>\n#6 0x5637e4740c74 <unknown>\n#7 0x5637e472d8f3 <unknown>\n#8 0x5637e47030d8 <unknown>\n#9 0x5637e4704205 <unknown>\n#10 0x5637e4919e3d <unknown>\n#11 0x5637e491cdb6 <unknown>\n#12 0x5637e490313e <unknown>\n#13 0x5637e491d9b5 <unknown>\n#14 0x5637e48f7970 <unknown>\n#15 0x5637e493a228 <unknown>\n#16 0x5637e493a3bf <unknown>\n#17 0x5637e4954abe <unknown>\n#18 0x7f08d30d9e2d <unknown>\n\n", "trace": "  File \"/home/GoorooG/DevMain/Selenium_otus/venv/lib/python3.10/site-packages/allure_commons/_allure.py\", line 172, in impl\n    return func(*a, **kw)\n  File \"/home/GoorooG/DevMain/Selenium_otus/src/BasePage.py\", line 86, in select_elemen_from_dropdown\n    select = Select(self.wait.until(EC.visibility_of_element_located(locator)))\n  File \"/home/GoorooG/DevMain/Selenium_otus/venv/lib/python3.10/site-packages/selenium/webdriver/support/wait.py\", line 89, in until\n    raise TimeoutException(message, screen, stacktrace)\n"}, "parameters": [{"name": "locator", "value": "('css selector', 'td a.btn-primary')"}, {"name": "value", "value": "1"}], "start": 1660467685936, "stop": 1660467689273}], "start": 1660467685936, "stop": 1660467689274}], "attachments": [{"name": "log", "source": "e66777b8-7eba-4abd-ac48-0d58531e0d99-attachment.txt", "type": "text/plain"}], "start": 1660467679407, "stop": 1660467689275, "uuid": "83823c1a-adb9-4805-a1ff-7eaf73bc10f5", "historyId": "2f687de4128294ec3a70be7dfe1016a9", "testCaseId": "ab9a686ca18525e58e98b91a666c22ca", "fullName": "tests.test_admin_page#test_add_and_delete_product1", "labels": [{"name": "parentSuite", "value": "tests"}, {"name": "suite", "value": "test_admin_page"}, {"name": "host", "value": "MiWiFi-R4AC-srv"}, {"name": "thread", "value": "11380-MainThread"}, {"name": "framework", "value": "pytest"}, {"name": "language", "value": "cpython3"}, {"name": "package", "value": "tests.test_admin_page"}]}