{"name": "Тест добавления и удаления продукта", "status": "broken", "statusDetails": {"message": "selenium.common.exceptions.TimeoutException: Message: \nStacktrace:\n#0 0x563adc3ff403 <unknown>\n#1 0x563adc205778 <unknown>\n#2 0x563adc23cc87 <unknown>\n#3 0x563adc23ce51 <unknown>\n#4 0x563adc26ff24 <unknown>\n#5 0x563adc25aa2d <unknown>\n#6 0x563adc26dc74 <unknown>\n#7 0x563adc25a8f3 <unknown>\n#8 0x563adc2300d8 <unknown>\n#9 0x563adc231205 <unknown>\n#10 0x563adc446e3d <unknown>\n#11 0x563adc449db6 <unknown>\n#12 0x563adc43013e <unknown>\n#13 0x563adc44a9b5 <unknown>\n#14 0x563adc424970 <unknown>\n#15 0x563adc467228 <unknown>\n#16 0x563adc4673bf <unknown>\n#17 0x563adc481abe <unknown>\n#18 0x7f491eca2e2d <unknown>", "trace": "browser = <selenium.webdriver.support.event_firing_webdriver.EventFiringWebDriver object at 0x7f8395cd1a80>\nbase_url = 'http://192.168.31.204:8081/'\n\n    @pytest.mark.smoke\n    @allure.title(\"Тест добавления и удаления продукта\")\n    @allure.link('http://192.168.31.204:8081/admin/')\n    def test_add_and_delete_product(browser, base_url):\n        adm_page = AdminPage(browser, base_url)\n        adm_page.open_admin_login_page(base_url)\n        adm_page.input_password_user()\n        adm_page.input_name_user()\n        adm_page.click_button_autorization()\n>       adm_page.click_to_button_catalog_tab()\n\ntest_admin_page.py:17: \n_ _ _ _ _ _ _ _ _ _ _ _ _ _ _ _ _ _ _ _ _ _ _ _ _ _ _ _ _ _ _ _ _ _ _ _ _ _ _ _ \n../src/AdminPage.py:55: in click_to_button_catalog_tab\n    self.wait_and_click_element(locator=AdminPage.OPEN_CATALOG_TAB)\n../src/BasePage.py:68: in wait_and_click_element\n    element = self.wait.until(EC.visibility_of_element_located(locator))\n_ _ _ _ _ _ _ _ _ _ _ _ _ _ _ _ _ _ _ _ _ _ _ _ _ _ _ _ _ _ _ _ _ _ _ _ _ _ _ _ \n\nself = <selenium.webdriver.support.wait.WebDriverWait (session=\"83f3f13617af6b048f6dff08714c69c7\")>\nmethod = <function visibility_of_element_located.<locals>._predicate at 0x7f8395bf03a0>\nmessage = ''\n\n    def until(self, method, message=''):\n        \"\"\"Calls the method provided with the driver as an argument until the \\\n        return value does not evaluate to ``False``.\n    \n        :param method: callable(WebDriver)\n        :param message: optional message for :exc:`TimeoutException`\n        :returns: the result of the last call to `method`\n        :raises: :exc:`selenium.common.exceptions.TimeoutException` if timeout occurs\n        \"\"\"\n        screen = None\n        stacktrace = None\n    \n        end_time = time.time() + self._timeout\n        while True:\n            try:\n                value = method(self._driver)\n                if value:\n                    return value\n            except InvalidSelectorException as e:\n                raise e\n            except self._ignored_exceptions as exc:\n                screen = getattr(exc, 'screen', None)\n                stacktrace = getattr(exc, 'stacktrace', None)\n            time.sleep(self._poll)\n            if time.time() > end_time:\n                break\n>       raise TimeoutException(message, screen, stacktrace)\nE       selenium.common.exceptions.TimeoutException: Message: \nE       Stacktrace:\nE       #0 0x563adc3ff403 <unknown>\nE       #1 0x563adc205778 <unknown>\nE       #2 0x563adc23cc87 <unknown>\nE       #3 0x563adc23ce51 <unknown>\nE       #4 0x563adc26ff24 <unknown>\nE       #5 0x563adc25aa2d <unknown>\nE       #6 0x563adc26dc74 <unknown>\nE       #7 0x563adc25a8f3 <unknown>\nE       #8 0x563adc2300d8 <unknown>\nE       #9 0x563adc231205 <unknown>\nE       #10 0x563adc446e3d <unknown>\nE       #11 0x563adc449db6 <unknown>\nE       #12 0x563adc43013e <unknown>\nE       #13 0x563adc44a9b5 <unknown>\nE       #14 0x563adc424970 <unknown>\nE       #15 0x563adc467228 <unknown>\nE       #16 0x563adc4673bf <unknown>\nE       #17 0x563adc481abe <unknown>\nE       #18 0x7f491eca2e2d <unknown>\n\n../venv/lib/python3.10/site-packages/selenium/webdriver/support/wait.py:89: TimeoutException"}, "steps": [{"name": "open_admin_login_page", "status": "passed", "parameters": [{"name": "base_url", "value": "'http://192.168.31.204:8081/'"}], "start": 1660421324723, "stop": 1660421325164}, {"name": "input_password_user", "status": "passed", "steps": [{"name": "Ожидать, что  поле для ввода ('css selector', '#input-password') доступно и ввести текст 'bitnami'", "status": "passed", "parameters": [{"name": "locator", "value": "('css selector', '#input-password')"}, {"name": "text", "value": "'bitnami'"}], "start": 1660421325165, "stop": 1660421325288}], "start": 1660421325164, "stop": 1660421325288}, {"name": "input_name_user", "status": "passed", "steps": [{"name": "Ожидать, что  поле для ввода ('css selector', '#input-username') доступно и ввести текст 'user'", "status": "passed", "parameters": [{"name": "locator", "value": "('css selector', '#input-username')"}, {"name": "text", "value": "'user'"}], "start": 1660421325289, "stop": 1660421325393}], "start": 1660421325288, "stop": 1660421325393}, {"name": "click_button_autorization", "status": "passed", "steps": [{"name": "Найти элемент ('css selector', 'button.btn-primary') переместить к нему курсор и сделать клик по нему", "status": "passed", "parameters": [{"name": "locator", "value": "('css selector', 'button.btn-primary')"}], "start": 1660421325394, "stop": 1660421325417}], "start": 1660421325393, "stop": 1660421325417}, {"name": "click_to_button_catalog_tab", "status": "broken", "statusDetails": {"message": "selenium.common.exceptions.TimeoutException: Message: \nStacktrace:\n#0 0x563adc3ff403 <unknown>\n#1 0x563adc205778 <unknown>\n#2 0x563adc23cc87 <unknown>\n#3 0x563adc23ce51 <unknown>\n#4 0x563adc26ff24 <unknown>\n#5 0x563adc25aa2d <unknown>\n#6 0x563adc26dc74 <unknown>\n#7 0x563adc25a8f3 <unknown>\n#8 0x563adc2300d8 <unknown>\n#9 0x563adc231205 <unknown>\n#10 0x563adc446e3d <unknown>\n#11 0x563adc449db6 <unknown>\n#12 0x563adc43013e <unknown>\n#13 0x563adc44a9b5 <unknown>\n#14 0x563adc424970 <unknown>\n#15 0x563adc467228 <unknown>\n#16 0x563adc4673bf <unknown>\n#17 0x563adc481abe <unknown>\n#18 0x7f491eca2e2d <unknown>\n\n", "trace": "  File \"/home/GoorooG/DevMain/Selenium_otus/venv/lib/python3.10/site-packages/allure_commons/_allure.py\", line 172, in impl\n    return func(*a, **kw)\n  File \"/home/GoorooG/DevMain/Selenium_otus/src/AdminPage.py\", line 55, in click_to_button_catalog_tab\n    self.wait_and_click_element(locator=AdminPage.OPEN_CATALOG_TAB)\n  File \"/home/GoorooG/DevMain/Selenium_otus/venv/lib/python3.10/site-packages/allure_commons/_allure.py\", line 172, in impl\n    return func(*a, **kw)\n  File \"/home/GoorooG/DevMain/Selenium_otus/src/BasePage.py\", line 68, in wait_and_click_element\n    element = self.wait.until(EC.visibility_of_element_located(locator))\n  File \"/home/GoorooG/DevMain/Selenium_otus/venv/lib/python3.10/site-packages/selenium/webdriver/support/wait.py\", line 89, in until\n    raise TimeoutException(message, screen, stacktrace)\n"}, "steps": [{"name": "Найти элемент ('css selector', '#menu-catalog') переместить к нему курсор и сделать клик по нему", "status": "broken", "statusDetails": {"message": "selenium.common.exceptions.TimeoutException: Message: \nStacktrace:\n#0 0x563adc3ff403 <unknown>\n#1 0x563adc205778 <unknown>\n#2 0x563adc23cc87 <unknown>\n#3 0x563adc23ce51 <unknown>\n#4 0x563adc26ff24 <unknown>\n#5 0x563adc25aa2d <unknown>\n#6 0x563adc26dc74 <unknown>\n#7 0x563adc25a8f3 <unknown>\n#8 0x563adc2300d8 <unknown>\n#9 0x563adc231205 <unknown>\n#10 0x563adc446e3d <unknown>\n#11 0x563adc449db6 <unknown>\n#12 0x563adc43013e <unknown>\n#13 0x563adc44a9b5 <unknown>\n#14 0x563adc424970 <unknown>\n#15 0x563adc467228 <unknown>\n#16 0x563adc4673bf <unknown>\n#17 0x563adc481abe <unknown>\n#18 0x7f491eca2e2d <unknown>\n\n", "trace": "  File \"/home/GoorooG/DevMain/Selenium_otus/venv/lib/python3.10/site-packages/allure_commons/_allure.py\", line 172, in impl\n    return func(*a, **kw)\n  File \"/home/GoorooG/DevMain/Selenium_otus/src/BasePage.py\", line 68, in wait_and_click_element\n    element = self.wait.until(EC.visibility_of_element_located(locator))\n  File \"/home/GoorooG/DevMain/Selenium_otus/venv/lib/python3.10/site-packages/selenium/webdriver/support/wait.py\", line 89, in until\n    raise TimeoutException(message, screen, stacktrace)\n"}, "parameters": [{"name": "locator", "value": "('css selector', '#menu-catalog')"}], "start": 1660421325417, "stop": 1660421328849}], "start": 1660421325417, "stop": 1660421328858}], "attachments": [{"name": "log", "source": "a87ca561-fa24-4cd7-9fc7-e56659b4428a-attachment.txt", "type": "text/plain"}], "start": 1660421324723, "stop": 1660421328858, "uuid": "de3b6dbe-ee7d-4932-97ee-c7c6ee8bcfbf", "historyId": "f399b07b8bd926290b33094b4d37a37b", "testCaseId": "e6373f0315e59af1006eafba91856d29", "fullName": "tests.test_admin_page#test_add_and_delete_product", "labels": [{"name": "tag", "value": "smoke"}, {"name": "parentSuite", "value": "tests"}, {"name": "suite", "value": "test_admin_page"}, {"name": "host", "value": "MiWiFi-R4AC-srv"}, {"name": "thread", "value": "78088-MainThread"}, {"name": "framework", "value": "pytest"}, {"name": "language", "value": "cpython3"}, {"name": "package", "value": "tests.test_admin_page"}], "links": [{"type": "link", "url": "http://192.168.31.204:8081/admin/", "name": "http://192.168.31.204:8081/admin/"}]}