{"name": "Тест фильтра по наименованию продукта", "status": "broken", "statusDetails": {"message": "selenium.common.exceptions.NoSuchElementException: Message: Cannot locate option with value: value", "trace": "browser = <selenium.webdriver.support.event_firing_webdriver.EventFiringWebDriver object at 0x7fe53dc51510>\nbase_url = 'http://192.168.31.204:8081/'\n\n    @allure.title(\"Тест фильтра по наименованию продукта\")\n    def test_add_and_delete_product1(browser, base_url):\n        adm_page = AdminPage(browser, base_url)\n        adm_page.open_admin_login_page(base_url)\n        adm_page.input_password_user()\n        adm_page.input_name_user()\n        adm_page.click_button_autorization()\n        adm_page.click_to_button_catalog_tab()\n        adm_page.click_to_button_product_tab()\n        adm_page.input_product_name_filter()\n        adm_page.click_to_button_filtre()\n        adm_page.click_to_button_edit_product()\n        adm_page.go_to_data_tab()\n>       adm_page.select_status_product()\n\ntest_admin_page.py:103: \n_ _ _ _ _ _ _ _ _ _ _ _ _ _ _ _ _ _ _ _ _ _ _ _ _ _ _ _ _ _ _ _ _ _ _ _ _ _ _ _ \n../src/AdminPage.py:50: in select_status_product\n    self.select_elemen_from_dropdown(locator=AdminPage.BUTTON_SELECT_STATUS, value=1)\n../src/BasePage.py:87: in select_elemen_from_dropdown\n    select.select_by_value('value')\n_ _ _ _ _ _ _ _ _ _ _ _ _ _ _ _ _ _ _ _ _ _ _ _ _ _ _ _ _ _ _ _ _ _ _ _ _ _ _ _ \n\nself = <selenium.webdriver.support.select.Select object at 0x7fe53dbc7be0>\nvalue = 'value'\n\n    def select_by_value(self, value):\n        \"\"\"Select all options that have a value matching the argument. That is, when given \"foo\" this\n           would select an option like:\n    \n           <option value=\"foo\">Bar</option>\n    \n           :Args:\n            - value - The value to match against\n    \n           throws NoSuchElementException If there is no option with specified value in SELECT\n           \"\"\"\n        css = \"option[value =%s]\" % self._escapeString(value)\n        opts = self._el.find_elements(By.CSS_SELECTOR, css)\n        matched = False\n        for opt in opts:\n            self._setSelected(opt)\n            if not self.is_multiple:\n                return\n            matched = True\n        if not matched:\n>           raise NoSuchElementException(\"Cannot locate option with value: %s\" % value)\nE           selenium.common.exceptions.NoSuchElementException: Message: Cannot locate option with value: value\n\n../venv/lib/python3.10/site-packages/selenium/webdriver/support/select.py:87: NoSuchElementException"}, "steps": [{"name": "open_admin_login_page", "status": "passed", "parameters": [{"name": "base_url", "value": "'http://192.168.31.204:8081/'"}], "start": 1660468443012, "stop": 1660468448568}, {"name": "input_password_user", "status": "passed", "steps": [{"name": "Ожидать, что  поле для ввода ('css selector', '#input-password') доступно и ввести текст 'bitnami'", "status": "passed", "parameters": [{"name": "locator", "value": "('css selector', '#input-password')"}, {"name": "text", "value": "'bitnami'"}], "start": 1660468448568, "stop": 1660468448685}], "start": 1660468448568, "stop": 1660468448685}, {"name": "input_name_user", "status": "passed", "steps": [{"name": "Ожидать, что  поле для ввода ('css selector', '#input-username') доступно и ввести текст 'user'", "status": "passed", "parameters": [{"name": "locator", "value": "('css selector', '#input-username')"}, {"name": "text", "value": "'user'"}], "start": 1660468448685, "stop": 1660468448772}], "start": 1660468448685, "stop": 1660468448772}, {"name": "click_button_autorization", "status": "passed", "steps": [{"name": "Найти элемент ('css selector', 'button.btn-primary') переместить к нему курсор и сделать клик по нему", "status": "passed", "parameters": [{"name": "locator", "value": "('css selector', 'button.btn-primary')"}], "start": 1660468448772, "stop": 1660468449814}], "start": 1660468448772, "stop": 1660468449814}, {"name": "click_to_button_catalog_tab", "status": "passed", "steps": [{"name": "Найти элемент ('css selector', '#menu-catalog') переместить к нему курсор и сделать клик по нему", "status": "passed", "parameters": [{"name": "locator", "value": "('css selector', '#menu-catalog')"}], "start": 1660468449814, "stop": 1660468450632}], "start": 1660468449814, "stop": 1660468450632}, {"name": "click_to_button_product_tab", "status": "passed", "steps": [{"name": "Найти элемент ('xpath', \"//a[text()='Products']\") переместить к нему курсор и сделать клик по нему", "status": "passed", "parameters": [{"name": "locator", "value": "('xpath', \"//a[text()='Products']\")"}], "start": 1660468450633, "stop": 1660468451675}], "start": 1660468450632, "stop": 1660468451675}, {"name": "input_product_name_filter", "status": "passed", "steps": [{"name": "Ожидать, что  поле для ввода ('css selector', 'input#input-name') доступно и ввести текст 'iPhone'", "status": "passed", "parameters": [{"name": "locator", "value": "('css selector', 'input#input-name')"}, {"name": "text", "value": "'iPhone'"}], "start": 1660468451676, "stop": 1660468451780}], "start": 1660468451676, "stop": 1660468451780}, {"name": "click_to_button_filtre", "status": "passed", "steps": [{"name": "Найти элемент ('css selector', 'button#button-filter') переместить к нему курсор и сделать клик по нему", "status": "passed", "parameters": [{"name": "locator", "value": "('css selector', 'button#button-filter')"}], "start": 1660468451780, "stop": 1660468452679}], "start": 1660468451780, "stop": 1660468452679}, {"name": "click_to_button_edit_product", "status": "passed", "steps": [{"name": "Найти элемент ('css selector', 'td a.btn-primary') переместить к нему курсор и сделать клик по нему", "status": "passed", "parameters": [{"name": "locator", "value": "('css selector', 'td a.btn-primary')"}], "start": 1660468452679, "stop": 1660468454051}], "start": 1660468452679, "stop": 1660468454051}, {"name": "go_to_data_tab", "status": "passed", "steps": [{"name": "Найти элемент ('xpath', \"//a[text()='Data']\") переместить к нему курсор и сделать клик по нему", "status": "passed", "parameters": [{"name": "locator", "value": "('xpath', \"//a[text()='Data']\")"}], "start": 1660468454052, "stop": 1660468454904}], "start": 1660468454051, "stop": 1660468454904}, {"name": "select_status_product", "status": "broken", "statusDetails": {"message": "selenium.common.exceptions.NoSuchElementException: Message: Cannot locate option with value: value\n\n", "trace": "  File \"/home/GoorooG/DevMain/Selenium_otus/venv/lib/python3.10/site-packages/allure_commons/_allure.py\", line 172, in impl\n    return func(*a, **kw)\n  File \"/home/GoorooG/DevMain/Selenium_otus/src/AdminPage.py\", line 50, in select_status_product\n    self.select_elemen_from_dropdown(locator=AdminPage.BUTTON_SELECT_STATUS, value=1)\n  File \"/home/GoorooG/DevMain/Selenium_otus/venv/lib/python3.10/site-packages/allure_commons/_allure.py\", line 172, in impl\n    return func(*a, **kw)\n  File \"/home/GoorooG/DevMain/Selenium_otus/src/BasePage.py\", line 87, in select_elemen_from_dropdown\n    select.select_by_value('value')\n  File \"/home/GoorooG/DevMain/Selenium_otus/venv/lib/python3.10/site-packages/selenium/webdriver/support/select.py\", line 87, in select_by_value\n    raise NoSuchElementException(\"Cannot locate option with value: %s\" % value)\n"}, "steps": [{"name": "Найти выпадающий список ('css selector', 'select#input-status') и выбрать из него значение", "status": "broken", "statusDetails": {"message": "selenium.common.exceptions.NoSuchElementException: Message: Cannot locate option with value: value\n\n", "trace": "  File \"/home/GoorooG/DevMain/Selenium_otus/venv/lib/python3.10/site-packages/allure_commons/_allure.py\", line 172, in impl\n    return func(*a, **kw)\n  File \"/home/GoorooG/DevMain/Selenium_otus/src/BasePage.py\", line 87, in select_elemen_from_dropdown\n    select.select_by_value('value')\n  File \"/home/GoorooG/DevMain/Selenium_otus/venv/lib/python3.10/site-packages/selenium/webdriver/support/select.py\", line 87, in select_by_value\n    raise NoSuchElementException(\"Cannot locate option with value: %s\" % value)\n"}, "parameters": [{"name": "locator", "value": "('css selector', 'select#input-status')"}, {"name": "value", "value": "1"}], "start": 1660468454905, "stop": 1660468454954}], "start": 1660468454904, "stop": 1660468454955}], "attachments": [{"name": "log", "source": "894992b6-472e-4aec-87f6-c485a424fcef-attachment.txt", "type": "text/plain"}], "start": 1660468443012, "stop": 1660468454955, "uuid": "b7e53463-a399-488b-9b2b-8eb1d89a3136", "historyId": "2f687de4128294ec3a70be7dfe1016a9", "testCaseId": "ab9a686ca18525e58e98b91a666c22ca", "fullName": "tests.test_admin_page#test_add_and_delete_product1", "labels": [{"name": "parentSuite", "value": "tests"}, {"name": "suite", "value": "test_admin_page"}, {"name": "host", "value": "MiWiFi-R4AC-srv"}, {"name": "thread", "value": "12115-MainThread"}, {"name": "framework", "value": "pytest"}, {"name": "language", "value": "cpython3"}, {"name": "package", "value": "tests.test_admin_page"}]}