{"name": "Тест добавления и удаления продукта", "status": "broken", "statusDetails": {"message": "selenium.common.exceptions.TimeoutException: Message: \nStacktrace:\n#0 0x564949a1d403 <unknown>\n#1 0x564949823778 <unknown>\n#2 0x56494985ac87 <unknown>\n#3 0x56494985ae51 <unknown>\n#4 0x56494988df24 <unknown>\n#5 0x564949878a2d <unknown>\n#6 0x56494988bc74 <unknown>\n#7 0x5649498788f3 <unknown>\n#8 0x56494984e0d8 <unknown>\n#9 0x56494984f205 <unknown>\n#10 0x564949a64e3d <unknown>\n#11 0x564949a67db6 <unknown>\n#12 0x564949a4e13e <unknown>\n#13 0x564949a689b5 <unknown>\n#14 0x564949a42970 <unknown>\n#15 0x564949a85228 <unknown>\n#16 0x564949a853bf <unknown>\n#17 0x564949a9fabe <unknown>\n#18 0x7f8a0c9c9e2d <unknown>", "trace": "browser = <selenium.webdriver.support.event_firing_webdriver.EventFiringWebDriver object at 0x7f8c7db89ae0>\nbase_url = 'http://192.168.31.204:8081/'\n\n    @pytest.mark.smoke\n    @allure.title(\"Тест добавления и удаления продукта\")\n    @allure.link('http://192.168.31.204:8081/admin/')\n    def test_add_and_delete_product(browser, base_url):\n        adm_page = AdminPage(browser, base_url)\n        adm_page.open_admin_login_page(base_url)\n        adm_page.input_password_user()\n        adm_page.input_name_user()\n        adm_page.click_button_autorization()\n>       adm_page.click_to_button_catalog_tab()\n\ntest_admin_page.py:17: \n_ _ _ _ _ _ _ _ _ _ _ _ _ _ _ _ _ _ _ _ _ _ _ _ _ _ _ _ _ _ _ _ _ _ _ _ _ _ _ _ \n../src/AdminPage.py:55: in click_to_button_catalog_tab\n    self.wait_and_click_element(locator=AdminPage.OPEN_CATALOG_TAB)\n../src/BasePage.py:68: in wait_and_click_element\n    element = self.wait.until(EC.visibility_of_element_located(locator))\n_ _ _ _ _ _ _ _ _ _ _ _ _ _ _ _ _ _ _ _ _ _ _ _ _ _ _ _ _ _ _ _ _ _ _ _ _ _ _ _ \n\nself = <selenium.webdriver.support.wait.WebDriverWait (session=\"3f119855543867ad51bbc4425f053dd0\")>\nmethod = <function visibility_of_element_located.<locals>._predicate at 0x7f8c7dacc280>\nmessage = ''\n\n    def until(self, method, message=''):\n        \"\"\"Calls the method provided with the driver as an argument until the \\\n        return value does not evaluate to ``False``.\n    \n        :param method: callable(WebDriver)\n        :param message: optional message for :exc:`TimeoutException`\n        :returns: the result of the last call to `method`\n        :raises: :exc:`selenium.common.exceptions.TimeoutException` if timeout occurs\n        \"\"\"\n        screen = None\n        stacktrace = None\n    \n        end_time = time.time() + self._timeout\n        while True:\n            try:\n                value = method(self._driver)\n                if value:\n                    return value\n            except InvalidSelectorException as e:\n                raise e\n            except self._ignored_exceptions as exc:\n                screen = getattr(exc, 'screen', None)\n                stacktrace = getattr(exc, 'stacktrace', None)\n            time.sleep(self._poll)\n            if time.time() > end_time:\n                break\n>       raise TimeoutException(message, screen, stacktrace)\nE       selenium.common.exceptions.TimeoutException: Message: \nE       Stacktrace:\nE       #0 0x564949a1d403 <unknown>\nE       #1 0x564949823778 <unknown>\nE       #2 0x56494985ac87 <unknown>\nE       #3 0x56494985ae51 <unknown>\nE       #4 0x56494988df24 <unknown>\nE       #5 0x564949878a2d <unknown>\nE       #6 0x56494988bc74 <unknown>\nE       #7 0x5649498788f3 <unknown>\nE       #8 0x56494984e0d8 <unknown>\nE       #9 0x56494984f205 <unknown>\nE       #10 0x564949a64e3d <unknown>\nE       #11 0x564949a67db6 <unknown>\nE       #12 0x564949a4e13e <unknown>\nE       #13 0x564949a689b5 <unknown>\nE       #14 0x564949a42970 <unknown>\nE       #15 0x564949a85228 <unknown>\nE       #16 0x564949a853bf <unknown>\nE       #17 0x564949a9fabe <unknown>\nE       #18 0x7f8a0c9c9e2d <unknown>\n\n../venv/lib/python3.10/site-packages/selenium/webdriver/support/wait.py:89: TimeoutException"}, "steps": [{"name": "open_admin_login_page", "status": "passed", "parameters": [{"name": "base_url", "value": "'http://192.168.31.204:8081/'"}], "start": 1660421466121, "stop": 1660421466623}, {"name": "input_password_user", "status": "passed", "steps": [{"name": "Ожидать, что  поле для ввода ('css selector', '#input-password') доступно и ввести текст 'bitnami'", "status": "passed", "parameters": [{"name": "locator", "value": "('css selector', '#input-password')"}, {"name": "text", "value": "'bitnami'"}], "start": 1660421466624, "stop": 1660421466736}], "start": 1660421466624, "stop": 1660421466736}, {"name": "input_name_user", "status": "passed", "steps": [{"name": "Ожидать, что  поле для ввода ('css selector', '#input-username') доступно и ввести текст 'user'", "status": "passed", "parameters": [{"name": "locator", "value": "('css selector', '#input-username')"}, {"name": "text", "value": "'user'"}], "start": 1660421466736, "stop": 1660421466867}], "start": 1660421466736, "stop": 1660421466867}, {"name": "click_button_autorization", "status": "passed", "steps": [{"name": "Найти элемент ('css selector', 'button.btn-primary') переместить к нему курсор и сделать клик по нему", "status": "passed", "parameters": [{"name": "locator", "value": "('css selector', 'button.btn-primary')"}], "start": 1660421466868, "stop": 1660421466892}], "start": 1660421466867, "stop": 1660421466892}, {"name": "click_to_button_catalog_tab", "status": "broken", "statusDetails": {"message": "selenium.common.exceptions.TimeoutException: Message: \nStacktrace:\n#0 0x564949a1d403 <unknown>\n#1 0x564949823778 <unknown>\n#2 0x56494985ac87 <unknown>\n#3 0x56494985ae51 <unknown>\n#4 0x56494988df24 <unknown>\n#5 0x564949878a2d <unknown>\n#6 0x56494988bc74 <unknown>\n#7 0x5649498788f3 <unknown>\n#8 0x56494984e0d8 <unknown>\n#9 0x56494984f205 <unknown>\n#10 0x564949a64e3d <unknown>\n#11 0x564949a67db6 <unknown>\n#12 0x564949a4e13e <unknown>\n#13 0x564949a689b5 <unknown>\n#14 0x564949a42970 <unknown>\n#15 0x564949a85228 <unknown>\n#16 0x564949a853bf <unknown>\n#17 0x564949a9fabe <unknown>\n#18 0x7f8a0c9c9e2d <unknown>\n\n", "trace": "  File \"/home/GoorooG/DevMain/Selenium_otus/venv/lib/python3.10/site-packages/allure_commons/_allure.py\", line 172, in impl\n    return func(*a, **kw)\n  File \"/home/GoorooG/DevMain/Selenium_otus/src/AdminPage.py\", line 55, in click_to_button_catalog_tab\n    self.wait_and_click_element(locator=AdminPage.OPEN_CATALOG_TAB)\n  File \"/home/GoorooG/DevMain/Selenium_otus/venv/lib/python3.10/site-packages/allure_commons/_allure.py\", line 172, in impl\n    return func(*a, **kw)\n  File \"/home/GoorooG/DevMain/Selenium_otus/src/BasePage.py\", line 68, in wait_and_click_element\n    element = self.wait.until(EC.visibility_of_element_located(locator))\n  File \"/home/GoorooG/DevMain/Selenium_otus/venv/lib/python3.10/site-packages/selenium/webdriver/support/wait.py\", line 89, in until\n    raise TimeoutException(message, screen, stacktrace)\n"}, "steps": [{"name": "Найти элемент ('css selector', '#menu-catalog') переместить к нему курсор и сделать клик по нему", "status": "broken", "statusDetails": {"message": "selenium.common.exceptions.TimeoutException: Message: \nStacktrace:\n#0 0x564949a1d403 <unknown>\n#1 0x564949823778 <unknown>\n#2 0x56494985ac87 <unknown>\n#3 0x56494985ae51 <unknown>\n#4 0x56494988df24 <unknown>\n#5 0x564949878a2d <unknown>\n#6 0x56494988bc74 <unknown>\n#7 0x5649498788f3 <unknown>\n#8 0x56494984e0d8 <unknown>\n#9 0x56494984f205 <unknown>\n#10 0x564949a64e3d <unknown>\n#11 0x564949a67db6 <unknown>\n#12 0x564949a4e13e <unknown>\n#13 0x564949a689b5 <unknown>\n#14 0x564949a42970 <unknown>\n#15 0x564949a85228 <unknown>\n#16 0x564949a853bf <unknown>\n#17 0x564949a9fabe <unknown>\n#18 0x7f8a0c9c9e2d <unknown>\n\n", "trace": "  File \"/home/GoorooG/DevMain/Selenium_otus/venv/lib/python3.10/site-packages/allure_commons/_allure.py\", line 172, in impl\n    return func(*a, **kw)\n  File \"/home/GoorooG/DevMain/Selenium_otus/src/BasePage.py\", line 68, in wait_and_click_element\n    element = self.wait.until(EC.visibility_of_element_located(locator))\n  File \"/home/GoorooG/DevMain/Selenium_otus/venv/lib/python3.10/site-packages/selenium/webdriver/support/wait.py\", line 89, in until\n    raise TimeoutException(message, screen, stacktrace)\n"}, "parameters": [{"name": "locator", "value": "('css selector', '#menu-catalog')"}], "start": 1660421466892, "stop": 1660421470164}], "start": 1660421466892, "stop": 1660421470166}], "attachments": [{"name": "log", "source": "f827c5d3-9ea0-40d6-b383-17a569429a5a-attachment.txt", "type": "text/plain"}], "start": 1660421466121, "stop": 1660421470167, "uuid": "a5f2fc38-de7b-4f46-8288-214e1fe70731", "historyId": "f399b07b8bd926290b33094b4d37a37b", "testCaseId": "e6373f0315e59af1006eafba91856d29", "fullName": "tests.test_admin_page#test_add_and_delete_product", "labels": [{"name": "tag", "value": "smoke"}, {"name": "parentSuite", "value": "tests"}, {"name": "suite", "value": "test_admin_page"}, {"name": "host", "value": "MiWiFi-R4AC-srv"}, {"name": "thread", "value": "78399-MainThread"}, {"name": "framework", "value": "pytest"}, {"name": "language", "value": "cpython3"}, {"name": "package", "value": "tests.test_admin_page"}], "links": [{"type": "link", "url": "http://192.168.31.204:8081/admin/", "name": "http://192.168.31.204:8081/admin/"}]}