{"name": "Тест фильтра по наименованию продукта", "status": "broken", "statusDetails": {"message": "selenium.common.exceptions.TimeoutException: Message: \nStacktrace:\n#0 0x56550acd2403 <unknown>\n#1 0x56550aad8778 <unknown>\n#2 0x56550ab0fc87 <unknown>\n#3 0x56550ab0fe51 <unknown>\n#4 0x56550ab42f24 <unknown>\n#5 0x56550ab2da2d <unknown>\n#6 0x56550ab40c74 <unknown>\n#7 0x56550ab2d8f3 <unknown>\n#8 0x56550ab030d8 <unknown>\n#9 0x56550ab04205 <unknown>\n#10 0x56550ad19e3d <unknown>\n#11 0x56550ad1cdb6 <unknown>\n#12 0x56550ad0313e <unknown>\n#13 0x56550ad1d9b5 <unknown>\n#14 0x56550acf7970 <unknown>\n#15 0x56550ad3a228 <unknown>\n#16 0x56550ad3a3bf <unknown>\n#17 0x56550ad54abe <unknown>\n#18 0x7f5b2c36ce2d <unknown>", "trace": "self = <src.AdminPage.AdminPage object at 0x7f0a008b1db0>\nlocator = ('css selector', '#collapse5 li.active')\n\n    @allure.step('Найти элемент {locator} переместить к нему курсор и сделать клик по нему')\n    def wait_and_click_element(self, locator='locator'):\n        self.logger.info(\"Clicking element: {}\".format(locator))\n        actions = ActionChains(self.driver)\n        try:\n>           element = self.wait.until(EC.visibility_of_element_located(locator))\n\n../src/BasePage.py:77: \n_ _ _ _ _ _ _ _ _ _ _ _ _ _ _ _ _ _ _ _ _ _ _ _ _ _ _ _ _ _ _ _ _ _ _ _ _ _ _ _ \n\nself = <selenium.webdriver.support.wait.WebDriverWait (session=\"69d8f8329615acf8d4ad89dabfccd740\")>\nmethod = <function visibility_of_element_located.<locals>._predicate at 0x7f0a008ddb40>\nmessage = ''\n\n    def until(self, method, message=''):\n        \"\"\"Calls the method provided with the driver as an argument until the \\\n        return value does not evaluate to ``False``.\n    \n        :param method: callable(WebDriver)\n        :param message: optional message for :exc:`TimeoutException`\n        :returns: the result of the last call to `method`\n        :raises: :exc:`selenium.common.exceptions.TimeoutException` if timeout occurs\n        \"\"\"\n        screen = None\n        stacktrace = None\n    \n        end_time = time.time() + self._timeout\n        while True:\n            try:\n                value = method(self._driver)\n                if value:\n                    return value\n            except InvalidSelectorException as e:\n                raise e\n            except self._ignored_exceptions as exc:\n                screen = getattr(exc, 'screen', None)\n                stacktrace = getattr(exc, 'stacktrace', None)\n            time.sleep(self._poll)\n            if time.time() > end_time:\n                break\n>       raise TimeoutException(message, screen, stacktrace)\nE       selenium.common.exceptions.TimeoutException: Message: \nE       Stacktrace:\nE       #0 0x56550acd2403 <unknown>\nE       #1 0x56550aad8778 <unknown>\nE       #2 0x56550ab0fc87 <unknown>\nE       #3 0x56550ab0fe51 <unknown>\nE       #4 0x56550ab42f24 <unknown>\nE       #5 0x56550ab2da2d <unknown>\nE       #6 0x56550ab40c74 <unknown>\nE       #7 0x56550ab2d8f3 <unknown>\nE       #8 0x56550ab030d8 <unknown>\nE       #9 0x56550ab04205 <unknown>\nE       #10 0x56550ad19e3d <unknown>\nE       #11 0x56550ad1cdb6 <unknown>\nE       #12 0x56550ad0313e <unknown>\nE       #13 0x56550ad1d9b5 <unknown>\nE       #14 0x56550acf7970 <unknown>\nE       #15 0x56550ad3a228 <unknown>\nE       #16 0x56550ad3a3bf <unknown>\nE       #17 0x56550ad54abe <unknown>\nE       #18 0x7f5b2c36ce2d <unknown>\n\n../venv/lib/python3.10/site-packages/selenium/webdriver/support/wait.py:89: TimeoutException\n\nDuring handling of the above exception, another exception occurred:\n\nbrowser = <selenium.webdriver.support.event_firing_webdriver.EventFiringWebDriver object at 0x7f0a008b2560>\nbase_url = 'http://192.168.31.204:8081/'\n\n    @allure.title(\"Тест фильтра по наименованию продукта\")\n    def test_chenge_product_status(browser, base_url):\n        adm_page = AdminPage(browser, base_url)\n        adm_page.open_admin_login_page(base_url)\n        adm_page.input_password_user()\n        adm_page.input_name_user()\n        adm_page.click_button_autorization()\n        adm_page.open_customers_catalog()\n>       adm_page.open_customers_list()\n\ntest_admin_page.py:122: \n_ _ _ _ _ _ _ _ _ _ _ _ _ _ _ _ _ _ _ _ _ _ _ _ _ _ _ _ _ _ _ _ _ _ _ _ _ _ _ _ \n../src/AdminPage.py:117: in open_customers_list\n    self.wait_and_click_element(locator=AdminPage.CUSTOMERS_CATALOG_MAIN)\n../src/BasePage.py:80: in wait_and_click_element\n    element = self.wait.until(EC.visibility_of_element_located(locator))\n_ _ _ _ _ _ _ _ _ _ _ _ _ _ _ _ _ _ _ _ _ _ _ _ _ _ _ _ _ _ _ _ _ _ _ _ _ _ _ _ \n\nself = <selenium.webdriver.support.wait.WebDriverWait (session=\"69d8f8329615acf8d4ad89dabfccd740\")>\nmethod = <function visibility_of_element_located.<locals>._predicate at 0x7f0a008df9a0>\nmessage = ''\n\n    def until(self, method, message=''):\n        \"\"\"Calls the method provided with the driver as an argument until the \\\n        return value does not evaluate to ``False``.\n    \n        :param method: callable(WebDriver)\n        :param message: optional message for :exc:`TimeoutException`\n        :returns: the result of the last call to `method`\n        :raises: :exc:`selenium.common.exceptions.TimeoutException` if timeout occurs\n        \"\"\"\n        screen = None\n        stacktrace = None\n    \n        end_time = time.time() + self._timeout\n        while True:\n            try:\n                value = method(self._driver)\n                if value:\n                    return value\n            except InvalidSelectorException as e:\n                raise e\n            except self._ignored_exceptions as exc:\n                screen = getattr(exc, 'screen', None)\n                stacktrace = getattr(exc, 'stacktrace', None)\n            time.sleep(self._poll)\n            if time.time() > end_time:\n                break\n>       raise TimeoutException(message, screen, stacktrace)\nE       selenium.common.exceptions.TimeoutException: Message: \nE       Stacktrace:\nE       #0 0x56550acd2403 <unknown>\nE       #1 0x56550aad8778 <unknown>\nE       #2 0x56550ab0fc87 <unknown>\nE       #3 0x56550ab0fe51 <unknown>\nE       #4 0x56550ab42f24 <unknown>\nE       #5 0x56550ab2da2d <unknown>\nE       #6 0x56550ab40c74 <unknown>\nE       #7 0x56550ab2d8f3 <unknown>\nE       #8 0x56550ab030d8 <unknown>\nE       #9 0x56550ab04205 <unknown>\nE       #10 0x56550ad19e3d <unknown>\nE       #11 0x56550ad1cdb6 <unknown>\nE       #12 0x56550ad0313e <unknown>\nE       #13 0x56550ad1d9b5 <unknown>\nE       #14 0x56550acf7970 <unknown>\nE       #15 0x56550ad3a228 <unknown>\nE       #16 0x56550ad3a3bf <unknown>\nE       #17 0x56550ad54abe <unknown>\nE       #18 0x7f5b2c36ce2d <unknown>\n\n../venv/lib/python3.10/site-packages/selenium/webdriver/support/wait.py:89: TimeoutException"}, "steps": [{"name": "open_admin_login_page", "status": "passed", "parameters": [{"name": "base_url", "value": "'http://192.168.31.204:8081/'"}], "start": 1660479621060, "stop": 1660479621444}, {"name": "input_password_user", "status": "passed", "steps": [{"name": "Ожидать, что  поле для ввода ('css selector', '#input-password') доступно и ввести текст 'bitnami'", "status": "passed", "parameters": [{"name": "locator", "value": "('css selector', '#input-password')"}, {"name": "text", "value": "'bitnami'"}], "start": 1660479621445, "stop": 1660479621637}], "start": 1660479621444, "stop": 1660479621637}, {"name": "input_name_user", "status": "passed", "steps": [{"name": "Ожидать, что  поле для ввода ('css selector', '#input-username') доступно и ввести текст 'user'", "status": "passed", "parameters": [{"name": "locator", "value": "('css selector', '#input-username')"}, {"name": "text", "value": "'user'"}], "start": 1660479621638, "stop": 1660479621733}], "start": 1660479621638, "stop": 1660479621733}, {"name": "click_button_autorization", "status": "passed", "steps": [{"name": "Найти элемент ('css selector', 'button.btn-primary') переместить к нему курсор и сделать клик по нему", "status": "passed", "parameters": [{"name": "locator", "value": "('css selector', 'button.btn-primary')"}], "start": 1660479621734, "stop": 1660479622712}], "start": 1660479621733, "stop": 1660479622712}, {"name": "open_customers_catalog", "status": "passed", "steps": [{"name": "Найти элемент ('css selector', 'li#menu-customer') переместить к нему курсор и сделать клик по нему", "status": "passed", "parameters": [{"name": "locator", "value": "('css selector', 'li#menu-customer')"}], "start": 1660479622712, "stop": 1660479623514}], "start": 1660479622712, "stop": 1660479623515}, {"name": "open_customers_list", "status": "broken", "statusDetails": {"message": "selenium.common.exceptions.TimeoutException: Message: \nStacktrace:\n#0 0x56550acd2403 <unknown>\n#1 0x56550aad8778 <unknown>\n#2 0x56550ab0fc87 <unknown>\n#3 0x56550ab0fe51 <unknown>\n#4 0x56550ab42f24 <unknown>\n#5 0x56550ab2da2d <unknown>\n#6 0x56550ab40c74 <unknown>\n#7 0x56550ab2d8f3 <unknown>\n#8 0x56550ab030d8 <unknown>\n#9 0x56550ab04205 <unknown>\n#10 0x56550ad19e3d <unknown>\n#11 0x56550ad1cdb6 <unknown>\n#12 0x56550ad0313e <unknown>\n#13 0x56550ad1d9b5 <unknown>\n#14 0x56550acf7970 <unknown>\n#15 0x56550ad3a228 <unknown>\n#16 0x56550ad3a3bf <unknown>\n#17 0x56550ad54abe <unknown>\n#18 0x7f5b2c36ce2d <unknown>\n\n", "trace": "  File \"/home/GoorooG/DevMain/Selenium_otus/venv/lib/python3.10/site-packages/allure_commons/_allure.py\", line 172, in impl\n    return func(*a, **kw)\n  File \"/home/GoorooG/DevMain/Selenium_otus/src/AdminPage.py\", line 117, in open_customers_list\n    self.wait_and_click_element(locator=AdminPage.CUSTOMERS_CATALOG_MAIN)\n  File \"/home/GoorooG/DevMain/Selenium_otus/venv/lib/python3.10/site-packages/allure_commons/_allure.py\", line 172, in impl\n    return func(*a, **kw)\n  File \"/home/GoorooG/DevMain/Selenium_otus/src/BasePage.py\", line 80, in wait_and_click_element\n    element = self.wait.until(EC.visibility_of_element_located(locator))\n  File \"/home/GoorooG/DevMain/Selenium_otus/venv/lib/python3.10/site-packages/selenium/webdriver/support/wait.py\", line 89, in until\n    raise TimeoutException(message, screen, stacktrace)\n"}, "steps": [{"name": "Найти элемент ('css selector', '#collapse5 li.active') переместить к нему курсор и сделать клик по нему", "status": "broken", "statusDetails": {"message": "selenium.common.exceptions.TimeoutException: Message: \nStacktrace:\n#0 0x56550acd2403 <unknown>\n#1 0x56550aad8778 <unknown>\n#2 0x56550ab0fc87 <unknown>\n#3 0x56550ab0fe51 <unknown>\n#4 0x56550ab42f24 <unknown>\n#5 0x56550ab2da2d <unknown>\n#6 0x56550ab40c74 <unknown>\n#7 0x56550ab2d8f3 <unknown>\n#8 0x56550ab030d8 <unknown>\n#9 0x56550ab04205 <unknown>\n#10 0x56550ad19e3d <unknown>\n#11 0x56550ad1cdb6 <unknown>\n#12 0x56550ad0313e <unknown>\n#13 0x56550ad1d9b5 <unknown>\n#14 0x56550acf7970 <unknown>\n#15 0x56550ad3a228 <unknown>\n#16 0x56550ad3a3bf <unknown>\n#17 0x56550ad54abe <unknown>\n#18 0x7f5b2c36ce2d <unknown>\n\n", "trace": "  File \"/home/GoorooG/DevMain/Selenium_otus/venv/lib/python3.10/site-packages/allure_commons/_allure.py\", line 172, in impl\n    return func(*a, **kw)\n  File \"/home/GoorooG/DevMain/Selenium_otus/src/BasePage.py\", line 80, in wait_and_click_element\n    element = self.wait.until(EC.visibility_of_element_located(locator))\n  File \"/home/GoorooG/DevMain/Selenium_otus/venv/lib/python3.10/site-packages/selenium/webdriver/support/wait.py\", line 89, in until\n    raise TimeoutException(message, screen, stacktrace)\n"}, "parameters": [{"name": "locator", "value": "('css selector', '#collapse5 li.active')"}], "start": 1660479623515, "stop": 1660479630883}], "start": 1660479623515, "stop": 1660479630884}], "attachments": [{"name": "log", "source": "8f930d62-909f-4ac6-bacf-35fb5706b346-attachment.txt", "type": "text/plain"}], "start": 1660479621059, "stop": 1660479630885, "uuid": "37c35b46-ba0c-42dc-8df3-d573f4446a2d", "historyId": "9d77cf84e219b1285846d85a513f736f", "testCaseId": "328357aba995f1b7d2febf478641a0dc", "fullName": "tests.test_admin_page#test_chenge_product_status", "labels": [{"name": "parentSuite", "value": "tests"}, {"name": "suite", "value": "test_admin_page"}, {"name": "host", "value": "MiWiFi-R4AC-srv"}, {"name": "thread", "value": "30684-MainThread"}, {"name": "framework", "value": "pytest"}, {"name": "language", "value": "cpython3"}, {"name": "package", "value": "tests.test_admin_page"}]}