{"name": "test_add_and_delete_product1", "status": "broken", "statusDetails": {"message": "selenium.common.exceptions.TimeoutException: Message: \nStacktrace:\n#0 0x5604da868403 <unknown>\n#1 0x5604da66e778 <unknown>\n#2 0x5604da6a5c87 <unknown>\n#3 0x5604da6a5e51 <unknown>\n#4 0x5604da6d8f24 <unknown>\n#5 0x5604da6c3a2d <unknown>\n#6 0x5604da6d6c74 <unknown>\n#7 0x5604da6c38f3 <unknown>\n#8 0x5604da6990d8 <unknown>\n#9 0x5604da69a205 <unknown>\n#10 0x5604da8afe3d <unknown>\n#11 0x5604da8b2db6 <unknown>\n#12 0x5604da89913e <unknown>\n#13 0x5604da8b39b5 <unknown>\n#14 0x5604da88d970 <unknown>\n#15 0x5604da8d0228 <unknown>\n#16 0x5604da8d03bf <unknown>\n#17 0x5604da8eaabe <unknown>\n#18 0x7f51d7348e2d <unknown>", "trace": "browser = <selenium.webdriver.support.event_firing_webdriver.EventFiringWebDriver object at 0x7efdf32d5a80>\nbase_url = 'http://192.168.31.204:8081/'\n\n    def test_add_and_delete_product1(browser, base_url):\n        adm_page = AdminPage(browser, base_url)\n        adm_page.open_admin_login_page(base_url)\n        adm_page.input_password_user()\n        adm_page.input_name_user()\n        adm_page.click_button_autorization()\n>       adm_page.click_button_autorization()\n\ntest_admin_page.py:38: \n_ _ _ _ _ _ _ _ _ _ _ _ _ _ _ _ _ _ _ _ _ _ _ _ _ _ _ _ _ _ _ _ _ _ _ _ _ _ _ _ \n../src/AdminPage.py:148: in click_button_autorization\n    self.wait_and_click_element(locator=AdminPage.button_aut)\n../src/BasePage.py:68: in wait_and_click_element\n    element = self.wait.until(EC.visibility_of_element_located(locator))\n_ _ _ _ _ _ _ _ _ _ _ _ _ _ _ _ _ _ _ _ _ _ _ _ _ _ _ _ _ _ _ _ _ _ _ _ _ _ _ _ \n\nself = <selenium.webdriver.support.wait.WebDriverWait (session=\"b581af011c20a9018f565dd43e0bd5b6\")>\nmethod = <function visibility_of_element_located.<locals>._predicate at 0x7efdf31fc700>\nmessage = ''\n\n    def until(self, method, message=''):\n        \"\"\"Calls the method provided with the driver as an argument until the \\\n        return value does not evaluate to ``False``.\n    \n        :param method: callable(WebDriver)\n        :param message: optional message for :exc:`TimeoutException`\n        :returns: the result of the last call to `method`\n        :raises: :exc:`selenium.common.exceptions.TimeoutException` if timeout occurs\n        \"\"\"\n        screen = None\n        stacktrace = None\n    \n        end_time = time.time() + self._timeout\n        while True:\n            try:\n                value = method(self._driver)\n                if value:\n                    return value\n            except InvalidSelectorException as e:\n                raise e\n            except self._ignored_exceptions as exc:\n                screen = getattr(exc, 'screen', None)\n                stacktrace = getattr(exc, 'stacktrace', None)\n            time.sleep(self._poll)\n            if time.time() > end_time:\n                break\n>       raise TimeoutException(message, screen, stacktrace)\nE       selenium.common.exceptions.TimeoutException: Message: \nE       Stacktrace:\nE       #0 0x5604da868403 <unknown>\nE       #1 0x5604da66e778 <unknown>\nE       #2 0x5604da6a5c87 <unknown>\nE       #3 0x5604da6a5e51 <unknown>\nE       #4 0x5604da6d8f24 <unknown>\nE       #5 0x5604da6c3a2d <unknown>\nE       #6 0x5604da6d6c74 <unknown>\nE       #7 0x5604da6c38f3 <unknown>\nE       #8 0x5604da6990d8 <unknown>\nE       #9 0x5604da69a205 <unknown>\nE       #10 0x5604da8afe3d <unknown>\nE       #11 0x5604da8b2db6 <unknown>\nE       #12 0x5604da89913e <unknown>\nE       #13 0x5604da8b39b5 <unknown>\nE       #14 0x5604da88d970 <unknown>\nE       #15 0x5604da8d0228 <unknown>\nE       #16 0x5604da8d03bf <unknown>\nE       #17 0x5604da8eaabe <unknown>\nE       #18 0x7f51d7348e2d <unknown>\n\n../venv/lib/python3.10/site-packages/selenium/webdriver/support/wait.py:89: TimeoutException"}, "steps": [{"name": "open_admin_login_page", "status": "passed", "parameters": [{"name": "base_url", "value": "'http://192.168.31.204:8081/'"}], "start": 1660422242697, "stop": 1660422244040}, {"name": "input_password_user", "status": "passed", "steps": [{"name": "Ожидать, что  поле для ввода ('css selector', '#input-password') доступно и ввести текст 'bitnami'", "status": "passed", "parameters": [{"name": "locator", "value": "('css selector', '#input-password')"}, {"name": "text", "value": "'bitnami'"}], "start": 1660422244041, "stop": 1660422244168}], "start": 1660422244040, "stop": 1660422244168}, {"name": "input_name_user", "status": "passed", "steps": [{"name": "Ожидать, что  поле для ввода ('css selector', '#input-username') доступно и ввести текст 'user'", "status": "passed", "parameters": [{"name": "locator", "value": "('css selector', '#input-username')"}, {"name": "text", "value": "'user'"}], "start": 1660422244168, "stop": 1660422244276}], "start": 1660422244168, "stop": 1660422244276}, {"name": "click_button_autorization", "status": "passed", "steps": [{"name": "Найти элемент ('css selector', 'button.btn-primary') переместить к нему курсор и сделать клик по нему", "status": "passed", "parameters": [{"name": "locator", "value": "('css selector', 'button.btn-primary')"}], "start": 1660422244277, "stop": 1660422245285}], "start": 1660422244276, "stop": 1660422245285}, {"name": "click_button_autorization", "status": "broken", "statusDetails": {"message": "selenium.common.exceptions.TimeoutException: Message: \nStacktrace:\n#0 0x5604da868403 <unknown>\n#1 0x5604da66e778 <unknown>\n#2 0x5604da6a5c87 <unknown>\n#3 0x5604da6a5e51 <unknown>\n#4 0x5604da6d8f24 <unknown>\n#5 0x5604da6c3a2d <unknown>\n#6 0x5604da6d6c74 <unknown>\n#7 0x5604da6c38f3 <unknown>\n#8 0x5604da6990d8 <unknown>\n#9 0x5604da69a205 <unknown>\n#10 0x5604da8afe3d <unknown>\n#11 0x5604da8b2db6 <unknown>\n#12 0x5604da89913e <unknown>\n#13 0x5604da8b39b5 <unknown>\n#14 0x5604da88d970 <unknown>\n#15 0x5604da8d0228 <unknown>\n#16 0x5604da8d03bf <unknown>\n#17 0x5604da8eaabe <unknown>\n#18 0x7f51d7348e2d <unknown>\n\n", "trace": "  File \"/home/GoorooG/DevMain/Selenium_otus/venv/lib/python3.10/site-packages/allure_commons/_allure.py\", line 172, in impl\n    return func(*a, **kw)\n  File \"/home/GoorooG/DevMain/Selenium_otus/src/AdminPage.py\", line 148, in click_button_autorization\n    self.wait_and_click_element(locator=AdminPage.button_aut)\n  File \"/home/GoorooG/DevMain/Selenium_otus/venv/lib/python3.10/site-packages/allure_commons/_allure.py\", line 172, in impl\n    return func(*a, **kw)\n  File \"/home/GoorooG/DevMain/Selenium_otus/src/BasePage.py\", line 68, in wait_and_click_element\n    element = self.wait.until(EC.visibility_of_element_located(locator))\n  File \"/home/GoorooG/DevMain/Selenium_otus/venv/lib/python3.10/site-packages/selenium/webdriver/support/wait.py\", line 89, in until\n    raise TimeoutException(message, screen, stacktrace)\n"}, "steps": [{"name": "Найти элемент ('css selector', 'button.btn-primary') переместить к нему курсор и сделать клик по нему", "status": "broken", "statusDetails": {"message": "selenium.common.exceptions.TimeoutException: Message: \nStacktrace:\n#0 0x5604da868403 <unknown>\n#1 0x5604da66e778 <unknown>\n#2 0x5604da6a5c87 <unknown>\n#3 0x5604da6a5e51 <unknown>\n#4 0x5604da6d8f24 <unknown>\n#5 0x5604da6c3a2d <unknown>\n#6 0x5604da6d6c74 <unknown>\n#7 0x5604da6c38f3 <unknown>\n#8 0x5604da6990d8 <unknown>\n#9 0x5604da69a205 <unknown>\n#10 0x5604da8afe3d <unknown>\n#11 0x5604da8b2db6 <unknown>\n#12 0x5604da89913e <unknown>\n#13 0x5604da8b39b5 <unknown>\n#14 0x5604da88d970 <unknown>\n#15 0x5604da8d0228 <unknown>\n#16 0x5604da8d03bf <unknown>\n#17 0x5604da8eaabe <unknown>\n#18 0x7f51d7348e2d <unknown>\n\n", "trace": "  File \"/home/GoorooG/DevMain/Selenium_otus/venv/lib/python3.10/site-packages/allure_commons/_allure.py\", line 172, in impl\n    return func(*a, **kw)\n  File \"/home/GoorooG/DevMain/Selenium_otus/src/BasePage.py\", line 68, in wait_and_click_element\n    element = self.wait.until(EC.visibility_of_element_located(locator))\n  File \"/home/GoorooG/DevMain/Selenium_otus/venv/lib/python3.10/site-packages/selenium/webdriver/support/wait.py\", line 89, in until\n    raise TimeoutException(message, screen, stacktrace)\n"}, "parameters": [{"name": "locator", "value": "('css selector', 'button.btn-primary')"}], "start": 1660422245285, "stop": 1660422248669}], "start": 1660422245285, "stop": 1660422248670}], "attachments": [{"name": "log", "source": "78a99bbf-ee09-45f9-b35a-75894ea27893-attachment.txt", "type": "text/plain"}], "start": 1660422242697, "stop": 1660422248671, "uuid": "a534c50a-fe79-46cd-bf8e-eee85de9f4e2", "historyId": "2f687de4128294ec3a70be7dfe1016a9", "testCaseId": "ab9a686ca18525e58e98b91a666c22ca", "fullName": "tests.test_admin_page#test_add_and_delete_product1", "labels": [{"name": "parentSuite", "value": "tests"}, {"name": "suite", "value": "test_admin_page"}, {"name": "host", "value": "MiWiFi-R4AC-srv"}, {"name": "thread", "value": "80734-MainThread"}, {"name": "framework", "value": "pytest"}, {"name": "language", "value": "cpython3"}, {"name": "package", "value": "tests.test_admin_page"}]}